The system is: Linux - 5.3.0-23-generic - x86_64
Compiling the C compiler identification source file "CMakeCCompilerId.c" succeeded.
Compiler: /usr/bin/cc 
Build flags: 
Id flags: 

The output was:
0


Compilation of the C compiler identification source "CMakeCCompilerId.c" produced "a.out"

The C compiler identification is GNU, found in "/tmp/libssh-0.7.4/build/CMakeFiles/3.0.2/CompilerIdC/a.out"

Determining if the C compiler works passed with the following output:
Change Dir: /tmp/libssh-0.7.4/build/CMakeFiles/CMakeTmp

Run Build Command:"/usr/bin/make" "cmTryCompileExec1984715650/fast"
/usr/bin/make -f CMakeFiles/cmTryCompileExec1984715650.dir/build.make CMakeFiles/cmTryCompileExec1984715650.dir/build
make[1]: Entering directory '/tmp/libssh-0.7.4/build/CMakeFiles/CMakeTmp'
/usr/bin/cmake -E cmake_progress_report /tmp/libssh-0.7.4/build/CMakeFiles/CMakeTmp/CMakeFiles 1
Building C object CMakeFiles/cmTryCompileExec1984715650.dir/testCCompiler.c.o
/usr/bin/cc    -o CMakeFiles/cmTryCompileExec1984715650.dir/testCCompiler.c.o   -c /tmp/libssh-0.7.4/build/CMakeFiles/CMakeTmp/testCCompiler.c
Linking C executable cmTryCompileExec1984715650
/usr/bin/cmake -E cmake_link_script CMakeFiles/cmTryCompileExec1984715650.dir/link.txt --verbose=1
/usr/bin/cc       CMakeFiles/cmTryCompileExec1984715650.dir/testCCompiler.c.o  -o cmTryCompileExec1984715650 -rdynamic 
make[1]: Leaving directory '/tmp/libssh-0.7.4/build/CMakeFiles/CMakeTmp'


Detecting C compiler ABI info compiled with the following output:
Change Dir: /tmp/libssh-0.7.4/build/CMakeFiles/CMakeTmp

Run Build Command:"/usr/bin/make" "cmTryCompileExec3442357241/fast"
/usr/bin/make -f CMakeFiles/cmTryCompileExec3442357241.dir/build.make CMakeFiles/cmTryCompileExec3442357241.dir/build
make[1]: Entering directory '/tmp/libssh-0.7.4/build/CMakeFiles/CMakeTmp'
/usr/bin/cmake -E cmake_progress_report /tmp/libssh-0.7.4/build/CMakeFiles/CMakeTmp/CMakeFiles 1
Building C object CMakeFiles/cmTryCompileExec3442357241.dir/CMakeCCompilerABI.c.o
/usr/bin/cc    -o CMakeFiles/cmTryCompileExec3442357241.dir/CMakeCCompilerABI.c.o   -c /usr/share/cmake-3.0/Modules/CMakeCCompilerABI.c
Linking C executable cmTryCompileExec3442357241
/usr/bin/cmake -E cmake_link_script CMakeFiles/cmTryCompileExec3442357241.dir/link.txt --verbose=1
/usr/bin/cc     -v CMakeFiles/cmTryCompileExec3442357241.dir/CMakeCCompilerABI.c.o  -o cmTryCompileExec3442357241 -rdynamic  
Using built-in specs.
COLLECT_GCC=/usr/bin/cc
COLLECT_LTO_WRAPPER=/usr/lib/gcc/x86_64-linux-gnu/4.9/lto-wrapper
Target: x86_64-linux-gnu
Configured with: ../src/configure -v --with-pkgversion='Debian 4.9.2-10+deb8u2' --with-bugurl=file:///usr/share/doc/gcc-4.9/README.Bugs --enable-languages=c,c++,java,go,d,fortran,objc,obj-c++ --prefix=/usr --program-suffix=-4.9 --enable-shared --enable-linker-build-id --libexecdir=/usr/lib --without-included-gettext --enable-threads=posix --with-gxx-include-dir=/usr/include/c++/4.9 --libdir=/usr/lib --enable-nls --with-sysroot=/ --enable-clocale=gnu --enable-libstdcxx-debug --enable-libstdcxx-time=yes --enable-gnu-unique-object --disable-vtable-verify --enable-plugin --with-system-zlib --disable-browser-plugin --enable-java-awt=gtk --enable-gtk-cairo --with-java-home=/usr/lib/jvm/java-1.5.0-gcj-4.9-amd64/jre --enable-java-home --with-jvm-root-dir=/usr/lib/jvm/java-1.5.0-gcj-4.9-amd64 --with-jvm-jar-dir=/usr/lib/jvm-exports/java-1.5.0-gcj-4.9-amd64 --with-arch-directory=amd64 --with-ecj-jar=/usr/share/java/eclipse-ecj.jar --enable-objc-gc --enable-multiarch --with-arch-32=i586 --with-abi=m64 --with-multilib-list=m32,m64,mx32 --enable-multilib --with-tune=generic --enable-checking=release --build=x86_64-linux-gnu --host=x86_64-linux-gnu --target=x86_64-linux-gnu
Thread model: posix
gcc version 4.9.2 (Debian 4.9.2-10+deb8u2) 
COMPILER_PATH=/usr/lib/gcc/x86_64-linux-gnu/4.9/:/usr/lib/gcc/x86_64-linux-gnu/4.9/:/usr/lib/gcc/x86_64-linux-gnu/:/usr/lib/gcc/x86_64-linux-gnu/4.9/:/usr/lib/gcc/x86_64-linux-gnu/
LIBRARY_PATH=/usr/lib/gcc/x86_64-linux-gnu/4.9/:/usr/lib/gcc/x86_64-linux-gnu/4.9/../../../x86_64-linux-gnu/:/usr/lib/gcc/x86_64-linux-gnu/4.9/../../../../lib/:/lib/x86_64-linux-gnu/:/lib/../lib/:/usr/lib/x86_64-linux-gnu/:/usr/lib/../lib/:/usr/lib/gcc/x86_64-linux-gnu/4.9/../../../:/lib/:/usr/lib/
COLLECT_GCC_OPTIONS='-v' '-o' 'cmTryCompileExec3442357241' '-rdynamic' '-mtune=generic' '-march=x86-64'
 /usr/lib/gcc/x86_64-linux-gnu/4.9/collect2 -plugin /usr/lib/gcc/x86_64-linux-gnu/4.9/liblto_plugin.so -plugin-opt=/usr/lib/gcc/x86_64-linux-gnu/4.9/lto-wrapper -plugin-opt=-fresolution=/tmp/ccnosGJP.res -plugin-opt=-pass-through=-lgcc -plugin-opt=-pass-through=-lgcc_s -plugin-opt=-pass-through=-lc -plugin-opt=-pass-through=-lgcc -plugin-opt=-pass-through=-lgcc_s --sysroot=/ --build-id --eh-frame-hdr -m elf_x86_64 --hash-style=gnu -export-dynamic -dynamic-linker /lib64/ld-linux-x86-64.so.2 -o cmTryCompileExec3442357241 /usr/lib/gcc/x86_64-linux-gnu/4.9/../../../x86_64-linux-gnu/crt1.o /usr/lib/gcc/x86_64-linux-gnu/4.9/../../../x86_64-linux-gnu/crti.o /usr/lib/gcc/x86_64-linux-gnu/4.9/crtbegin.o -L/usr/lib/gcc/x86_64-linux-gnu/4.9 -L/usr/lib/gcc/x86_64-linux-gnu/4.9/../../../x86_64-linux-gnu -L/usr/lib/gcc/x86_64-linux-gnu/4.9/../../../../lib -L/lib/x86_64-linux-gnu -L/lib/../lib -L/usr/lib/x86_64-linux-gnu -L/usr/lib/../lib -L/usr/lib/gcc/x86_64-linux-gnu/4.9/../../.. CMakeFiles/cmTryCompileExec3442357241.dir/CMakeCCompilerABI.c.o -lgcc --as-needed -lgcc_s --no-as-needed -lc -lgcc --as-needed -lgcc_s --no-as-needed /usr/lib/gcc/x86_64-linux-gnu/4.9/crtend.o /usr/lib/gcc/x86_64-linux-gnu/4.9/../../../x86_64-linux-gnu/crtn.o
make[1]: Leaving directory '/tmp/libssh-0.7.4/build/CMakeFiles/CMakeTmp'


Parsed C implicit link information from above output:
  link line regex: [^( *|.*[/\])(ld|([^/\]+-)?ld|collect2)[^/\]*( |$)]
  ignore line: [Change Dir: /tmp/libssh-0.7.4/build/CMakeFiles/CMakeTmp]
  ignore line: []
  ignore line: [Run Build Command:"/usr/bin/make" "cmTryCompileExec3442357241/fast"]
  ignore line: [/usr/bin/make -f CMakeFiles/cmTryCompileExec3442357241.dir/build.make CMakeFiles/cmTryCompileExec3442357241.dir/build]
  ignore line: [make[1]: Entering directory '/tmp/libssh-0.7.4/build/CMakeFiles/CMakeTmp']
  ignore line: [/usr/bin/cmake -E cmake_progress_report /tmp/libssh-0.7.4/build/CMakeFiles/CMakeTmp/CMakeFiles 1]
  ignore line: [Building C object CMakeFiles/cmTryCompileExec3442357241.dir/CMakeCCompilerABI.c.o]
  ignore line: [/usr/bin/cc    -o CMakeFiles/cmTryCompileExec3442357241.dir/CMakeCCompilerABI.c.o   -c /usr/share/cmake-3.0/Modules/CMakeCCompilerABI.c]
  ignore line: [Linking C executable cmTryCompileExec3442357241]
  ignore line: [/usr/bin/cmake -E cmake_link_script CMakeFiles/cmTryCompileExec3442357241.dir/link.txt --verbose=1]
  ignore line: [/usr/bin/cc     -v CMakeFiles/cmTryCompileExec3442357241.dir/CMakeCCompilerABI.c.o  -o cmTryCompileExec3442357241 -rdynamic  ]
  ignore line: [Using built-in specs.]
  ignore line: [COLLECT_GCC=/usr/bin/cc]
  ignore line: [COLLECT_LTO_WRAPPER=/usr/lib/gcc/x86_64-linux-gnu/4.9/lto-wrapper]
  ignore line: [Target: x86_64-linux-gnu]
  ignore line: [Configured with: ../src/configure -v --with-pkgversion='Debian 4.9.2-10+deb8u2' --with-bugurl=file:///usr/share/doc/gcc-4.9/README.Bugs --enable-languages=c,c++,java,go,d,fortran,objc,obj-c++ --prefix=/usr --program-suffix=-4.9 --enable-shared --enable-linker-build-id --libexecdir=/usr/lib --without-included-gettext --enable-threads=posix --with-gxx-include-dir=/usr/include/c++/4.9 --libdir=/usr/lib --enable-nls --with-sysroot=/ --enable-clocale=gnu --enable-libstdcxx-debug --enable-libstdcxx-time=yes --enable-gnu-unique-object --disable-vtable-verify --enable-plugin --with-system-zlib --disable-browser-plugin --enable-java-awt=gtk --enable-gtk-cairo --with-java-home=/usr/lib/jvm/java-1.5.0-gcj-4.9-amd64/jre --enable-java-home --with-jvm-root-dir=/usr/lib/jvm/java-1.5.0-gcj-4.9-amd64 --with-jvm-jar-dir=/usr/lib/jvm-exports/java-1.5.0-gcj-4.9-amd64 --with-arch-directory=amd64 --with-ecj-jar=/usr/share/java/eclipse-ecj.jar --enable-objc-gc --enable-multiarch --with-arch-32=i586 --with-abi=m64 --with-multilib-list=m32,m64,mx32 --enable-multilib --with-tune=generic --enable-checking=release --build=x86_64-linux-gnu --host=x86_64-linux-gnu --target=x86_64-linux-gnu]
  ignore line: [Thread model: posix]
  ignore line: [gcc version 4.9.2 (Debian 4.9.2-10+deb8u2) ]
  ignore line: [COMPILER_PATH=/usr/lib/gcc/x86_64-linux-gnu/4.9/:/usr/lib/gcc/x86_64-linux-gnu/4.9/:/usr/lib/gcc/x86_64-linux-gnu/:/usr/lib/gcc/x86_64-linux-gnu/4.9/:/usr/lib/gcc/x86_64-linux-gnu/]
  ignore line: [LIBRARY_PATH=/usr/lib/gcc/x86_64-linux-gnu/4.9/:/usr/lib/gcc/x86_64-linux-gnu/4.9/../../../x86_64-linux-gnu/:/usr/lib/gcc/x86_64-linux-gnu/4.9/../../../../lib/:/lib/x86_64-linux-gnu/:/lib/../lib/:/usr/lib/x86_64-linux-gnu/:/usr/lib/../lib/:/usr/lib/gcc/x86_64-linux-gnu/4.9/../../../:/lib/:/usr/lib/]
  ignore line: [COLLECT_GCC_OPTIONS='-v' '-o' 'cmTryCompileExec3442357241' '-rdynamic' '-mtune=generic' '-march=x86-64']
  link line: [ /usr/lib/gcc/x86_64-linux-gnu/4.9/collect2 -plugin /usr/lib/gcc/x86_64-linux-gnu/4.9/liblto_plugin.so -plugin-opt=/usr/lib/gcc/x86_64-linux-gnu/4.9/lto-wrapper -plugin-opt=-fresolution=/tmp/ccnosGJP.res -plugin-opt=-pass-through=-lgcc -plugin-opt=-pass-through=-lgcc_s -plugin-opt=-pass-through=-lc -plugin-opt=-pass-through=-lgcc -plugin-opt=-pass-through=-lgcc_s --sysroot=/ --build-id --eh-frame-hdr -m elf_x86_64 --hash-style=gnu -export-dynamic -dynamic-linker /lib64/ld-linux-x86-64.so.2 -o cmTryCompileExec3442357241 /usr/lib/gcc/x86_64-linux-gnu/4.9/../../../x86_64-linux-gnu/crt1.o /usr/lib/gcc/x86_64-linux-gnu/4.9/../../../x86_64-linux-gnu/crti.o /usr/lib/gcc/x86_64-linux-gnu/4.9/crtbegin.o -L/usr/lib/gcc/x86_64-linux-gnu/4.9 -L/usr/lib/gcc/x86_64-linux-gnu/4.9/../../../x86_64-linux-gnu -L/usr/lib/gcc/x86_64-linux-gnu/4.9/../../../../lib -L/lib/x86_64-linux-gnu -L/lib/../lib -L/usr/lib/x86_64-linux-gnu -L/usr/lib/../lib -L/usr/lib/gcc/x86_64-linux-gnu/4.9/../../.. CMakeFiles/cmTryCompileExec3442357241.dir/CMakeCCompilerABI.c.o -lgcc --as-needed -lgcc_s --no-as-needed -lc -lgcc --as-needed -lgcc_s --no-as-needed /usr/lib/gcc/x86_64-linux-gnu/4.9/crtend.o /usr/lib/gcc/x86_64-linux-gnu/4.9/../../../x86_64-linux-gnu/crtn.o]
    arg [/usr/lib/gcc/x86_64-linux-gnu/4.9/collect2] ==> ignore
    arg [-plugin] ==> ignore
    arg [/usr/lib/gcc/x86_64-linux-gnu/4.9/liblto_plugin.so] ==> ignore
    arg [-plugin-opt=/usr/lib/gcc/x86_64-linux-gnu/4.9/lto-wrapper] ==> ignore
    arg [-plugin-opt=-fresolution=/tmp/ccnosGJP.res] ==> ignore
    arg [-plugin-opt=-pass-through=-lgcc] ==> ignore
    arg [-plugin-opt=-pass-through=-lgcc_s] ==> ignore
    arg [-plugin-opt=-pass-through=-lc] ==> ignore
    arg [-plugin-opt=-pass-through=-lgcc] ==> ignore
    arg [-plugin-opt=-pass-through=-lgcc_s] ==> ignore
    arg [--sysroot=/] ==> ignore
    arg [--build-id] ==> ignore
    arg [--eh-frame-hdr] ==> ignore
    arg [-m] ==> ignore
    arg [elf_x86_64] ==> ignore
    arg [--hash-style=gnu] ==> ignore
    arg [-export-dynamic] ==> ignore
    arg [-dynamic-linker] ==> ignore
    arg [/lib64/ld-linux-x86-64.so.2] ==> ignore
    arg [-o] ==> ignore
    arg [cmTryCompileExec3442357241] ==> ignore
    arg [/usr/lib/gcc/x86_64-linux-gnu/4.9/../../../x86_64-linux-gnu/crt1.o] ==> ignore
    arg [/usr/lib/gcc/x86_64-linux-gnu/4.9/../../../x86_64-linux-gnu/crti.o] ==> ignore
    arg [/usr/lib/gcc/x86_64-linux-gnu/4.9/crtbegin.o] ==> ignore
    arg [-L/usr/lib/gcc/x86_64-linux-gnu/4.9] ==> dir [/usr/lib/gcc/x86_64-linux-gnu/4.9]
    arg [-L/usr/lib/gcc/x86_64-linux-gnu/4.9/../../../x86_64-linux-gnu] ==> dir [/usr/lib/gcc/x86_64-linux-gnu/4.9/../../../x86_64-linux-gnu]
    arg [-L/usr/lib/gcc/x86_64-linux-gnu/4.9/../../../../lib] ==> dir [/usr/lib/gcc/x86_64-linux-gnu/4.9/../../../../lib]
    arg [-L/lib/x86_64-linux-gnu] ==> dir [/lib/x86_64-linux-gnu]
    arg [-L/lib/../lib] ==> dir [/lib/../lib]
    arg [-L/usr/lib/x86_64-linux-gnu] ==> dir [/usr/lib/x86_64-linux-gnu]
    arg [-L/usr/lib/../lib] ==> dir [/usr/lib/../lib]
    arg [-L/usr/lib/gcc/x86_64-linux-gnu/4.9/../../..] ==> dir [/usr/lib/gcc/x86_64-linux-gnu/4.9/../../..]
    arg [CMakeFiles/cmTryCompileExec3442357241.dir/CMakeCCompilerABI.c.o] ==> ignore
    arg [-lgcc] ==> lib [gcc]
    arg [--as-needed] ==> ignore
    arg [-lgcc_s] ==> lib [gcc_s]
    arg [--no-as-needed] ==> ignore
    arg [-lc] ==> lib [c]
    arg [-lgcc] ==> lib [gcc]
    arg [--as-needed] ==> ignore
    arg [-lgcc_s] ==> lib [gcc_s]
    arg [--no-as-needed] ==> ignore
    arg [/usr/lib/gcc/x86_64-linux-gnu/4.9/crtend.o] ==> ignore
    arg [/usr/lib/gcc/x86_64-linux-gnu/4.9/../../../x86_64-linux-gnu/crtn.o] ==> ignore
  remove lib [gcc]
  remove lib [gcc_s]
  remove lib [gcc]
  remove lib [gcc_s]
  collapse library dir [/usr/lib/gcc/x86_64-linux-gnu/4.9] ==> [/usr/lib/gcc/x86_64-linux-gnu/4.9]
  collapse library dir [/usr/lib/gcc/x86_64-linux-gnu/4.9/../../../x86_64-linux-gnu] ==> [/usr/lib/x86_64-linux-gnu]
  collapse library dir [/usr/lib/gcc/x86_64-linux-gnu/4.9/../../../../lib] ==> [/usr/lib]
  collapse library dir [/lib/x86_64-linux-gnu] ==> [/lib/x86_64-linux-gnu]
  collapse library dir [/lib/../lib] ==> [/lib]
  collapse library dir [/usr/lib/x86_64-linux-gnu] ==> [/usr/lib/x86_64-linux-gnu]
  collapse library dir [/usr/lib/../lib] ==> [/usr/lib]
  collapse library dir [/usr/lib/gcc/x86_64-linux-gnu/4.9/../../..] ==> [/usr/lib]
  implicit libs: [c]
  implicit dirs: [/usr/lib/gcc/x86_64-linux-gnu/4.9;/usr/lib/x86_64-linux-gnu;/usr/lib;/lib/x86_64-linux-gnu;/lib]
  implicit fwks: []


Performing C SOURCE FILE Test WITH_FPIC succeded with the following output:
Change Dir: /tmp/libssh-0.7.4/build/CMakeFiles/CMakeTmp

Run Build Command:"/usr/bin/make" "cmTryCompileExec3752855841/fast"
/usr/bin/make -f CMakeFiles/cmTryCompileExec3752855841.dir/build.make CMakeFiles/cmTryCompileExec3752855841.dir/build
make[1]: Entering directory '/tmp/libssh-0.7.4/build/CMakeFiles/CMakeTmp'
/usr/bin/cmake -E cmake_progress_report /tmp/libssh-0.7.4/build/CMakeFiles/CMakeTmp/CMakeFiles 1
Building C object CMakeFiles/cmTryCompileExec3752855841.dir/src.c.o
/usr/bin/cc   -std=gnu99 -pedantic -pedantic-errors -Wall -Wextra -Wshadow -Wmissing-prototypes -Wdeclaration-after-statement -Wunused -Wfloat-equal -Wpointer-arith -Wwrite-strings -Wformat-security -Wmissing-format-attribute -DWITH_FPIC   -fPIC -o CMakeFiles/cmTryCompileExec3752855841.dir/src.c.o   -c /tmp/libssh-0.7.4/build/CMakeFiles/CMakeTmp/src.c
Linking C executable cmTryCompileExec3752855841
/usr/bin/cmake -E cmake_link_script CMakeFiles/cmTryCompileExec3752855841.dir/link.txt --verbose=1
/usr/bin/cc   -std=gnu99 -pedantic -pedantic-errors -Wall -Wextra -Wshadow -Wmissing-prototypes -Wdeclaration-after-statement -Wunused -Wfloat-equal -Wpointer-arith -Wwrite-strings -Wformat-security -Wmissing-format-attribute -DWITH_FPIC    CMakeFiles/cmTryCompileExec3752855841.dir/src.c.o  -o cmTryCompileExec3752855841 -rdynamic 
make[1]: Leaving directory '/tmp/libssh-0.7.4/build/CMakeFiles/CMakeTmp'

Source file was:
int main(void) { return 0; }
Performing C SOURCE FILE Test WITH_STACK_PROTECTOR succeded with the following output:
Change Dir: /tmp/libssh-0.7.4/build/CMakeFiles/CMakeTmp

Run Build Command:"/usr/bin/make" "cmTryCompileExec1116517222/fast"
/usr/bin/make -f CMakeFiles/cmTryCompileExec1116517222.dir/build.make CMakeFiles/cmTryCompileExec1116517222.dir/build
make[1]: Entering directory '/tmp/libssh-0.7.4/build/CMakeFiles/CMakeTmp'
/usr/bin/cmake -E cmake_progress_report /tmp/libssh-0.7.4/build/CMakeFiles/CMakeTmp/CMakeFiles 1
Building C object CMakeFiles/cmTryCompileExec1116517222.dir/src.c.o
/usr/bin/cc   -std=gnu99 -pedantic -pedantic-errors -Wall -Wextra -Wshadow -Wmissing-prototypes -Wdeclaration-after-statement -Wunused -Wfloat-equal -Wpointer-arith -Wwrite-strings -Wformat-security -Wmissing-format-attribute -fPIC -DWITH_STACK_PROTECTOR   -fstack-protector -o CMakeFiles/cmTryCompileExec1116517222.dir/src.c.o   -c /tmp/libssh-0.7.4/build/CMakeFiles/CMakeTmp/src.c
/tmp/libssh-0.7.4/build/CMakeFiles/CMakeTmp/src.c: In function 'main':
/tmp/libssh-0.7.4/build/CMakeFiles/CMakeTmp/src.c:1:27: warning: unused parameter 'argv' [-Wunused-parameter]
 int main(int argc, char **argv) { char buffer[256]; return buffer[argc]=0;}
                           ^
Linking C executable cmTryCompileExec1116517222
/usr/bin/cmake -E cmake_link_script CMakeFiles/cmTryCompileExec1116517222.dir/link.txt --verbose=1
/usr/bin/cc   -std=gnu99 -pedantic -pedantic-errors -Wall -Wextra -Wshadow -Wmissing-prototypes -Wdeclaration-after-statement -Wunused -Wfloat-equal -Wpointer-arith -Wwrite-strings -Wformat-security -Wmissing-format-attribute -fPIC -DWITH_STACK_PROTECTOR    CMakeFiles/cmTryCompileExec1116517222.dir/src.c.o  -o cmTryCompileExec1116517222 -rdynamic 
make[1]: Leaving directory '/tmp/libssh-0.7.4/build/CMakeFiles/CMakeTmp'

Source file was:
int main(int argc, char **argv) { char buffer[256]; return buffer[argc]=0;}
Determining if files pthread.h exist passed with the following output:
Change Dir: /tmp/libssh-0.7.4/build/CMakeFiles/CMakeTmp

Run Build Command:"/usr/bin/make" "cmTryCompileExec2316411567/fast"
/usr/bin/make -f CMakeFiles/cmTryCompileExec2316411567.dir/build.make CMakeFiles/cmTryCompileExec2316411567.dir/build
make[1]: Entering directory '/tmp/libssh-0.7.4/build/CMakeFiles/CMakeTmp'
/usr/bin/cmake -E cmake_progress_report /tmp/libssh-0.7.4/build/CMakeFiles/CMakeTmp/CMakeFiles 1
Building C object CMakeFiles/cmTryCompileExec2316411567.dir/CheckIncludeFiles.c.o
/usr/bin/cc   -std=gnu99 -pedantic -pedantic-errors -Wall -Wextra -Wshadow -Wmissing-prototypes -Wdeclaration-after-statement -Wunused -Wfloat-equal -Wpointer-arith -Wwrite-strings -Wformat-security -Wmissing-format-attribute -fPIC -fstack-protector -D_LARGEFILE64_SOURCE    -o CMakeFiles/cmTryCompileExec2316411567.dir/CheckIncludeFiles.c.o   -c /tmp/libssh-0.7.4/build/CMakeFiles/CMakeTmp/CheckIncludeFiles.c
Linking C executable cmTryCompileExec2316411567
/usr/bin/cmake -E cmake_link_script CMakeFiles/cmTryCompileExec2316411567.dir/link.txt --verbose=1
/usr/bin/cc   -std=gnu99 -pedantic -pedantic-errors -Wall -Wextra -Wshadow -Wmissing-prototypes -Wdeclaration-after-statement -Wunused -Wfloat-equal -Wpointer-arith -Wwrite-strings -Wformat-security -Wmissing-format-attribute -fPIC -fstack-protector -D_LARGEFILE64_SOURCE     CMakeFiles/cmTryCompileExec2316411567.dir/CheckIncludeFiles.c.o  -o cmTryCompileExec2316411567 -rdynamic 
make[1]: Leaving directory '/tmp/libssh-0.7.4/build/CMakeFiles/CMakeTmp'


Determining if the function pthread_create exists in the pthread passed with the following output:
Change Dir: /tmp/libssh-0.7.4/build/CMakeFiles/CMakeTmp

Run Build Command:"/usr/bin/make" "cmTryCompileExec70345120/fast"
/usr/bin/make -f CMakeFiles/cmTryCompileExec70345120.dir/build.make CMakeFiles/cmTryCompileExec70345120.dir/build
make[1]: Entering directory '/tmp/libssh-0.7.4/build/CMakeFiles/CMakeTmp'
/usr/bin/cmake -E cmake_progress_report /tmp/libssh-0.7.4/build/CMakeFiles/CMakeTmp/CMakeFiles 1
Building C object CMakeFiles/cmTryCompileExec70345120.dir/CheckFunctionExists.c.o
/usr/bin/cc   -std=gnu99 -pedantic -pedantic-errors -Wall -Wextra -Wshadow -Wmissing-prototypes -Wdeclaration-after-statement -Wunused -Wfloat-equal -Wpointer-arith -Wwrite-strings -Wformat-security -Wmissing-format-attribute -fPIC -fstack-protector -D_LARGEFILE64_SOURCE -DCHECK_FUNCTION_EXISTS=pthread_create   -o CMakeFiles/cmTryCompileExec70345120.dir/CheckFunctionExists.c.o   -c /usr/share/cmake-3.0/Modules/CheckFunctionExists.c
Linking C executable cmTryCompileExec70345120
/usr/bin/cmake -E cmake_link_script CMakeFiles/cmTryCompileExec70345120.dir/link.txt --verbose=1
/usr/bin/cc   -std=gnu99 -pedantic -pedantic-errors -Wall -Wextra -Wshadow -Wmissing-prototypes -Wdeclaration-after-statement -Wunused -Wfloat-equal -Wpointer-arith -Wwrite-strings -Wformat-security -Wmissing-format-attribute -fPIC -fstack-protector -D_LARGEFILE64_SOURCE -DCHECK_FUNCTION_EXISTS=pthread_create    CMakeFiles/cmTryCompileExec70345120.dir/CheckFunctionExists.c.o  -o cmTryCompileExec70345120 -rdynamic -lpthread 
make[1]: Leaving directory '/tmp/libssh-0.7.4/build/CMakeFiles/CMakeTmp'


Performing C SOURCE FILE Test WITH_VISIBILITY_HIDDEN succeded with the following output:
Change Dir: /tmp/libssh-0.7.4/build/CMakeFiles/CMakeTmp

Run Build Command:"/usr/bin/make" "cmTryCompileExec2405922155/fast"
/usr/bin/make -f CMakeFiles/cmTryCompileExec2405922155.dir/build.make CMakeFiles/cmTryCompileExec2405922155.dir/build
make[1]: Entering directory '/tmp/libssh-0.7.4/build/CMakeFiles/CMakeTmp'
/usr/bin/cmake -E cmake_progress_report /tmp/libssh-0.7.4/build/CMakeFiles/CMakeTmp/CMakeFiles 1
Building C object CMakeFiles/cmTryCompileExec2405922155.dir/src.c.o
/usr/bin/cc   -std=gnu99 -pedantic -pedantic-errors -Wall -Wextra -Wshadow -Wmissing-prototypes -Wdeclaration-after-statement -Wunused -Wfloat-equal -Wpointer-arith -Wwrite-strings -Wformat-security -Wmissing-format-attribute -fPIC -fstack-protector -D_LARGEFILE64_SOURCE -DWITH_VISIBILITY_HIDDEN -fvisibility=hidden   -o CMakeFiles/cmTryCompileExec2405922155.dir/src.c.o   -c /tmp/libssh-0.7.4/build/CMakeFiles/CMakeTmp/src.c
/tmp/libssh-0.7.4/build/CMakeFiles/CMakeTmp/src.c:1:45: warning: no previous prototype for 'test' [-Wmissing-prototypes]
 void __attribute__((visibility("default"))) test() {}
                                             ^
Linking C executable cmTryCompileExec2405922155
/usr/bin/cmake -E cmake_link_script CMakeFiles/cmTryCompileExec2405922155.dir/link.txt --verbose=1
/usr/bin/cc   -std=gnu99 -pedantic -pedantic-errors -Wall -Wextra -Wshadow -Wmissing-prototypes -Wdeclaration-after-statement -Wunused -Wfloat-equal -Wpointer-arith -Wwrite-strings -Wformat-security -Wmissing-format-attribute -fPIC -fstack-protector -D_LARGEFILE64_SOURCE -DWITH_VISIBILITY_HIDDEN -fvisibility=hidden    CMakeFiles/cmTryCompileExec2405922155.dir/src.c.o  -o cmTryCompileExec2405922155 -rdynamic 
make[1]: Leaving directory '/tmp/libssh-0.7.4/build/CMakeFiles/CMakeTmp'

Source file was:
void __attribute__((visibility("default"))) test() {}
int main(void){ return 0; }

Determining if the include file argp.h exists passed with the following output:
Change Dir: /tmp/libssh-0.7.4/build/CMakeFiles/CMakeTmp

Run Build Command:"/usr/bin/make" "cmTryCompileExec2921753802/fast"
/usr/bin/make -f CMakeFiles/cmTryCompileExec2921753802.dir/build.make CMakeFiles/cmTryCompileExec2921753802.dir/build
make[1]: Entering directory '/tmp/libssh-0.7.4/build/CMakeFiles/CMakeTmp'
/usr/bin/cmake -E cmake_progress_report /tmp/libssh-0.7.4/build/CMakeFiles/CMakeTmp/CMakeFiles 1
Building C object CMakeFiles/cmTryCompileExec2921753802.dir/CheckIncludeFile.c.o
/usr/bin/cc   -std=gnu99 -pedantic -pedantic-errors -Wall -Wextra -Wshadow -Wmissing-prototypes -Wdeclaration-after-statement -Wunused -Wfloat-equal -Wpointer-arith -Wwrite-strings -Wformat-security -Wmissing-format-attribute -fPIC -fstack-protector -D_LARGEFILE64_SOURCE    -o CMakeFiles/cmTryCompileExec2921753802.dir/CheckIncludeFile.c.o   -c /tmp/libssh-0.7.4/build/CMakeFiles/CMakeTmp/CheckIncludeFile.c
Linking C executable cmTryCompileExec2921753802
/usr/bin/cmake -E cmake_link_script CMakeFiles/cmTryCompileExec2921753802.dir/link.txt --verbose=1
/usr/bin/cc   -std=gnu99 -pedantic -pedantic-errors -Wall -Wextra -Wshadow -Wmissing-prototypes -Wdeclaration-after-statement -Wunused -Wfloat-equal -Wpointer-arith -Wwrite-strings -Wformat-security -Wmissing-format-attribute -fPIC -fstack-protector -D_LARGEFILE64_SOURCE     CMakeFiles/cmTryCompileExec2921753802.dir/CheckIncludeFile.c.o  -o cmTryCompileExec2921753802 -rdynamic 
make[1]: Leaving directory '/tmp/libssh-0.7.4/build/CMakeFiles/CMakeTmp'


Determining if the include file pty.h exists passed with the following output:
Change Dir: /tmp/libssh-0.7.4/build/CMakeFiles/CMakeTmp

Run Build Command:"/usr/bin/make" "cmTryCompileExec1854831814/fast"
/usr/bin/make -f CMakeFiles/cmTryCompileExec1854831814.dir/build.make CMakeFiles/cmTryCompileExec1854831814.dir/build
make[1]: Entering directory '/tmp/libssh-0.7.4/build/CMakeFiles/CMakeTmp'
/usr/bin/cmake -E cmake_progress_report /tmp/libssh-0.7.4/build/CMakeFiles/CMakeTmp/CMakeFiles 1
Building C object CMakeFiles/cmTryCompileExec1854831814.dir/CheckIncludeFile.c.o
/usr/bin/cc   -std=gnu99 -pedantic -pedantic-errors -Wall -Wextra -Wshadow -Wmissing-prototypes -Wdeclaration-after-statement -Wunused -Wfloat-equal -Wpointer-arith -Wwrite-strings -Wformat-security -Wmissing-format-attribute -fPIC -fstack-protector -D_LARGEFILE64_SOURCE    -o CMakeFiles/cmTryCompileExec1854831814.dir/CheckIncludeFile.c.o   -c /tmp/libssh-0.7.4/build/CMakeFiles/CMakeTmp/CheckIncludeFile.c
Linking C executable cmTryCompileExec1854831814
/usr/bin/cmake -E cmake_link_script CMakeFiles/cmTryCompileExec1854831814.dir/link.txt --verbose=1
/usr/bin/cc   -std=gnu99 -pedantic -pedantic-errors -Wall -Wextra -Wshadow -Wmissing-prototypes -Wdeclaration-after-statement -Wunused -Wfloat-equal -Wpointer-arith -Wwrite-strings -Wformat-security -Wmissing-format-attribute -fPIC -fstack-protector -D_LARGEFILE64_SOURCE     CMakeFiles/cmTryCompileExec1854831814.dir/CheckIncludeFile.c.o  -o cmTryCompileExec1854831814 -rdynamic 
make[1]: Leaving directory '/tmp/libssh-0.7.4/build/CMakeFiles/CMakeTmp'


Determining if the include file utmp.h exists passed with the following output:
Change Dir: /tmp/libssh-0.7.4/build/CMakeFiles/CMakeTmp

Run Build Command:"/usr/bin/make" "cmTryCompileExec468498402/fast"
/usr/bin/make -f CMakeFiles/cmTryCompileExec468498402.dir/build.make CMakeFiles/cmTryCompileExec468498402.dir/build
make[1]: Entering directory '/tmp/libssh-0.7.4/build/CMakeFiles/CMakeTmp'
/usr/bin/cmake -E cmake_progress_report /tmp/libssh-0.7.4/build/CMakeFiles/CMakeTmp/CMakeFiles 1
Building C object CMakeFiles/cmTryCompileExec468498402.dir/CheckIncludeFile.c.o
/usr/bin/cc   -std=gnu99 -pedantic -pedantic-errors -Wall -Wextra -Wshadow -Wmissing-prototypes -Wdeclaration-after-statement -Wunused -Wfloat-equal -Wpointer-arith -Wwrite-strings -Wformat-security -Wmissing-format-attribute -fPIC -fstack-protector -D_LARGEFILE64_SOURCE    -o CMakeFiles/cmTryCompileExec468498402.dir/CheckIncludeFile.c.o   -c /tmp/libssh-0.7.4/build/CMakeFiles/CMakeTmp/CheckIncludeFile.c
Linking C executable cmTryCompileExec468498402
/usr/bin/cmake -E cmake_link_script CMakeFiles/cmTryCompileExec468498402.dir/link.txt --verbose=1
/usr/bin/cc   -std=gnu99 -pedantic -pedantic-errors -Wall -Wextra -Wshadow -Wmissing-prototypes -Wdeclaration-after-statement -Wunused -Wfloat-equal -Wpointer-arith -Wwrite-strings -Wformat-security -Wmissing-format-attribute -fPIC -fstack-protector -D_LARGEFILE64_SOURCE     CMakeFiles/cmTryCompileExec468498402.dir/CheckIncludeFile.c.o  -o cmTryCompileExec468498402 -rdynamic 
make[1]: Leaving directory '/tmp/libssh-0.7.4/build/CMakeFiles/CMakeTmp'


Determining if the include file termios.h exists passed with the following output:
Change Dir: /tmp/libssh-0.7.4/build/CMakeFiles/CMakeTmp

Run Build Command:"/usr/bin/make" "cmTryCompileExec1781057730/fast"
/usr/bin/make -f CMakeFiles/cmTryCompileExec1781057730.dir/build.make CMakeFiles/cmTryCompileExec1781057730.dir/build
make[1]: Entering directory '/tmp/libssh-0.7.4/build/CMakeFiles/CMakeTmp'
/usr/bin/cmake -E cmake_progress_report /tmp/libssh-0.7.4/build/CMakeFiles/CMakeTmp/CMakeFiles 1
Building C object CMakeFiles/cmTryCompileExec1781057730.dir/CheckIncludeFile.c.o
/usr/bin/cc   -std=gnu99 -pedantic -pedantic-errors -Wall -Wextra -Wshadow -Wmissing-prototypes -Wdeclaration-after-statement -Wunused -Wfloat-equal -Wpointer-arith -Wwrite-strings -Wformat-security -Wmissing-format-attribute -fPIC -fstack-protector -D_LARGEFILE64_SOURCE    -o CMakeFiles/cmTryCompileExec1781057730.dir/CheckIncludeFile.c.o   -c /tmp/libssh-0.7.4/build/CMakeFiles/CMakeTmp/CheckIncludeFile.c
Linking C executable cmTryCompileExec1781057730
/usr/bin/cmake -E cmake_link_script CMakeFiles/cmTryCompileExec1781057730.dir/link.txt --verbose=1
/usr/bin/cc   -std=gnu99 -pedantic -pedantic-errors -Wall -Wextra -Wshadow -Wmissing-prototypes -Wdeclaration-after-statement -Wunused -Wfloat-equal -Wpointer-arith -Wwrite-strings -Wformat-security -Wmissing-format-attribute -fPIC -fstack-protector -D_LARGEFILE64_SOURCE     CMakeFiles/cmTryCompileExec1781057730.dir/CheckIncludeFile.c.o  -o cmTryCompileExec1781057730 -rdynamic 
make[1]: Leaving directory '/tmp/libssh-0.7.4/build/CMakeFiles/CMakeTmp'


Determining if the include file unistd.h exists passed with the following output:
Change Dir: /tmp/libssh-0.7.4/build/CMakeFiles/CMakeTmp

Run Build Command:"/usr/bin/make" "cmTryCompileExec1799058787/fast"
/usr/bin/make -f CMakeFiles/cmTryCompileExec1799058787.dir/build.make CMakeFiles/cmTryCompileExec1799058787.dir/build
make[1]: Entering directory '/tmp/libssh-0.7.4/build/CMakeFiles/CMakeTmp'
/usr/bin/cmake -E cmake_progress_report /tmp/libssh-0.7.4/build/CMakeFiles/CMakeTmp/CMakeFiles 1
Building C object CMakeFiles/cmTryCompileExec1799058787.dir/CheckIncludeFile.c.o
/usr/bin/cc   -std=gnu99 -pedantic -pedantic-errors -Wall -Wextra -Wshadow -Wmissing-prototypes -Wdeclaration-after-statement -Wunused -Wfloat-equal -Wpointer-arith -Wwrite-strings -Wformat-security -Wmissing-format-attribute -fPIC -fstack-protector -D_LARGEFILE64_SOURCE    -o CMakeFiles/cmTryCompileExec1799058787.dir/CheckIncludeFile.c.o   -c /tmp/libssh-0.7.4/build/CMakeFiles/CMakeTmp/CheckIncludeFile.c
Linking C executable cmTryCompileExec1799058787
/usr/bin/cmake -E cmake_link_script CMakeFiles/cmTryCompileExec1799058787.dir/link.txt --verbose=1
/usr/bin/cc   -std=gnu99 -pedantic -pedantic-errors -Wall -Wextra -Wshadow -Wmissing-prototypes -Wdeclaration-after-statement -Wunused -Wfloat-equal -Wpointer-arith -Wwrite-strings -Wformat-security -Wmissing-format-attribute -fPIC -fstack-protector -D_LARGEFILE64_SOURCE     CMakeFiles/cmTryCompileExec1799058787.dir/CheckIncludeFile.c.o  -o cmTryCompileExec1799058787 -rdynamic 
make[1]: Leaving directory '/tmp/libssh-0.7.4/build/CMakeFiles/CMakeTmp'


Determining if the include file sys/time.h exists passed with the following output:
Change Dir: /tmp/libssh-0.7.4/build/CMakeFiles/CMakeTmp

Run Build Command:"/usr/bin/make" "cmTryCompileExec47866317/fast"
/usr/bin/make -f CMakeFiles/cmTryCompileExec47866317.dir/build.make CMakeFiles/cmTryCompileExec47866317.dir/build
make[1]: Entering directory '/tmp/libssh-0.7.4/build/CMakeFiles/CMakeTmp'
/usr/bin/cmake -E cmake_progress_report /tmp/libssh-0.7.4/build/CMakeFiles/CMakeTmp/CMakeFiles 1
Building C object CMakeFiles/cmTryCompileExec47866317.dir/CheckIncludeFile.c.o
/usr/bin/cc   -std=gnu99 -pedantic -pedantic-errors -Wall -Wextra -Wshadow -Wmissing-prototypes -Wdeclaration-after-statement -Wunused -Wfloat-equal -Wpointer-arith -Wwrite-strings -Wformat-security -Wmissing-format-attribute -fPIC -fstack-protector -D_LARGEFILE64_SOURCE    -o CMakeFiles/cmTryCompileExec47866317.dir/CheckIncludeFile.c.o   -c /tmp/libssh-0.7.4/build/CMakeFiles/CMakeTmp/CheckIncludeFile.c
Linking C executable cmTryCompileExec47866317
/usr/bin/cmake -E cmake_link_script CMakeFiles/cmTryCompileExec47866317.dir/link.txt --verbose=1
/usr/bin/cc   -std=gnu99 -pedantic -pedantic-errors -Wall -Wextra -Wshadow -Wmissing-prototypes -Wdeclaration-after-statement -Wunused -Wfloat-equal -Wpointer-arith -Wwrite-strings -Wformat-security -Wmissing-format-attribute -fPIC -fstack-protector -D_LARGEFILE64_SOURCE     CMakeFiles/cmTryCompileExec47866317.dir/CheckIncludeFile.c.o  -o cmTryCompileExec47866317 -rdynamic 
make[1]: Leaving directory '/tmp/libssh-0.7.4/build/CMakeFiles/CMakeTmp'


Determining if the include file sys/param.h exists passed with the following output:
Change Dir: /tmp/libssh-0.7.4/build/CMakeFiles/CMakeTmp

Run Build Command:"/usr/bin/make" "cmTryCompileExec293709119/fast"
/usr/bin/make -f CMakeFiles/cmTryCompileExec293709119.dir/build.make CMakeFiles/cmTryCompileExec293709119.dir/build
make[1]: Entering directory '/tmp/libssh-0.7.4/build/CMakeFiles/CMakeTmp'
/usr/bin/cmake -E cmake_progress_report /tmp/libssh-0.7.4/build/CMakeFiles/CMakeTmp/CMakeFiles 1
Building C object CMakeFiles/cmTryCompileExec293709119.dir/CheckIncludeFile.c.o
/usr/bin/cc   -std=gnu99 -pedantic -pedantic-errors -Wall -Wextra -Wshadow -Wmissing-prototypes -Wdeclaration-after-statement -Wunused -Wfloat-equal -Wpointer-arith -Wwrite-strings -Wformat-security -Wmissing-format-attribute -fPIC -fstack-protector -D_LARGEFILE64_SOURCE    -o CMakeFiles/cmTryCompileExec293709119.dir/CheckIncludeFile.c.o   -c /tmp/libssh-0.7.4/build/CMakeFiles/CMakeTmp/CheckIncludeFile.c
Linking C executable cmTryCompileExec293709119
/usr/bin/cmake -E cmake_link_script CMakeFiles/cmTryCompileExec293709119.dir/link.txt --verbose=1
/usr/bin/cc   -std=gnu99 -pedantic -pedantic-errors -Wall -Wextra -Wshadow -Wmissing-prototypes -Wdeclaration-after-statement -Wunused -Wfloat-equal -Wpointer-arith -Wwrite-strings -Wformat-security -Wmissing-format-attribute -fPIC -fstack-protector -D_LARGEFILE64_SOURCE     CMakeFiles/cmTryCompileExec293709119.dir/CheckIncludeFile.c.o  -o cmTryCompileExec293709119 -rdynamic 
make[1]: Leaving directory '/tmp/libssh-0.7.4/build/CMakeFiles/CMakeTmp'


Determining if the include file arpa/inet.h exists passed with the following output:
Change Dir: /tmp/libssh-0.7.4/build/CMakeFiles/CMakeTmp

Run Build Command:"/usr/bin/make" "cmTryCompileExec725587424/fast"
/usr/bin/make -f CMakeFiles/cmTryCompileExec725587424.dir/build.make CMakeFiles/cmTryCompileExec725587424.dir/build
make[1]: Entering directory '/tmp/libssh-0.7.4/build/CMakeFiles/CMakeTmp'
/usr/bin/cmake -E cmake_progress_report /tmp/libssh-0.7.4/build/CMakeFiles/CMakeTmp/CMakeFiles 1
Building C object CMakeFiles/cmTryCompileExec725587424.dir/CheckIncludeFile.c.o
/usr/bin/cc   -std=gnu99 -pedantic -pedantic-errors -Wall -Wextra -Wshadow -Wmissing-prototypes -Wdeclaration-after-statement -Wunused -Wfloat-equal -Wpointer-arith -Wwrite-strings -Wformat-security -Wmissing-format-attribute -fPIC -fstack-protector -D_LARGEFILE64_SOURCE    -o CMakeFiles/cmTryCompileExec725587424.dir/CheckIncludeFile.c.o   -c /tmp/libssh-0.7.4/build/CMakeFiles/CMakeTmp/CheckIncludeFile.c
Linking C executable cmTryCompileExec725587424
/usr/bin/cmake -E cmake_link_script CMakeFiles/cmTryCompileExec725587424.dir/link.txt --verbose=1
/usr/bin/cc   -std=gnu99 -pedantic -pedantic-errors -Wall -Wextra -Wshadow -Wmissing-prototypes -Wdeclaration-after-statement -Wunused -Wfloat-equal -Wpointer-arith -Wwrite-strings -Wformat-security -Wmissing-format-attribute -fPIC -fstack-protector -D_LARGEFILE64_SOURCE     CMakeFiles/cmTryCompileExec725587424.dir/CheckIncludeFile.c.o  -o cmTryCompileExec725587424 -rdynamic 
make[1]: Leaving directory '/tmp/libssh-0.7.4/build/CMakeFiles/CMakeTmp'


Determining if the include file byteswap.h exists passed with the following output:
Change Dir: /tmp/libssh-0.7.4/build/CMakeFiles/CMakeTmp

Run Build Command:"/usr/bin/make" "cmTryCompileExec3400322356/fast"
/usr/bin/make -f CMakeFiles/cmTryCompileExec3400322356.dir/build.make CMakeFiles/cmTryCompileExec3400322356.dir/build
make[1]: Entering directory '/tmp/libssh-0.7.4/build/CMakeFiles/CMakeTmp'
/usr/bin/cmake -E cmake_progress_report /tmp/libssh-0.7.4/build/CMakeFiles/CMakeTmp/CMakeFiles 1
Building C object CMakeFiles/cmTryCompileExec3400322356.dir/CheckIncludeFile.c.o
/usr/bin/cc   -std=gnu99 -pedantic -pedantic-errors -Wall -Wextra -Wshadow -Wmissing-prototypes -Wdeclaration-after-statement -Wunused -Wfloat-equal -Wpointer-arith -Wwrite-strings -Wformat-security -Wmissing-format-attribute -fPIC -fstack-protector -D_LARGEFILE64_SOURCE    -o CMakeFiles/cmTryCompileExec3400322356.dir/CheckIncludeFile.c.o   -c /tmp/libssh-0.7.4/build/CMakeFiles/CMakeTmp/CheckIncludeFile.c
Linking C executable cmTryCompileExec3400322356
/usr/bin/cmake -E cmake_link_script CMakeFiles/cmTryCompileExec3400322356.dir/link.txt --verbose=1
/usr/bin/cc   -std=gnu99 -pedantic -pedantic-errors -Wall -Wextra -Wshadow -Wmissing-prototypes -Wdeclaration-after-statement -Wunused -Wfloat-equal -Wpointer-arith -Wwrite-strings -Wformat-security -Wmissing-format-attribute -fPIC -fstack-protector -D_LARGEFILE64_SOURCE     CMakeFiles/cmTryCompileExec3400322356.dir/CheckIncludeFile.c.o  -o cmTryCompileExec3400322356 -rdynamic 
make[1]: Leaving directory '/tmp/libssh-0.7.4/build/CMakeFiles/CMakeTmp'


Determining if the include file openssl/des.h exists passed with the following output:
Change Dir: /tmp/libssh-0.7.4/build/CMakeFiles/CMakeTmp

Run Build Command:"/usr/bin/make" "cmTryCompileExec3037188597/fast"
/usr/bin/make -f CMakeFiles/cmTryCompileExec3037188597.dir/build.make CMakeFiles/cmTryCompileExec3037188597.dir/build
make[1]: Entering directory '/tmp/libssh-0.7.4/build/CMakeFiles/CMakeTmp'
/usr/bin/cmake -E cmake_progress_report /tmp/libssh-0.7.4/build/CMakeFiles/CMakeTmp/CMakeFiles 1
Building C object CMakeFiles/cmTryCompileExec3037188597.dir/CheckIncludeFile.c.o
/usr/bin/cc   -std=gnu99 -pedantic -pedantic-errors -Wall -Wextra -Wshadow -Wmissing-prototypes -Wdeclaration-after-statement -Wunused -Wfloat-equal -Wpointer-arith -Wwrite-strings -Wformat-security -Wmissing-format-attribute -fPIC -fstack-protector -D_LARGEFILE64_SOURCE    -o CMakeFiles/cmTryCompileExec3037188597.dir/CheckIncludeFile.c.o   -c /tmp/libssh-0.7.4/build/CMakeFiles/CMakeTmp/CheckIncludeFile.c
Linking C executable cmTryCompileExec3037188597
/usr/bin/cmake -E cmake_link_script CMakeFiles/cmTryCompileExec3037188597.dir/link.txt --verbose=1
/usr/bin/cc   -std=gnu99 -pedantic -pedantic-errors -Wall -Wextra -Wshadow -Wmissing-prototypes -Wdeclaration-after-statement -Wunused -Wfloat-equal -Wpointer-arith -Wwrite-strings -Wformat-security -Wmissing-format-attribute -fPIC -fstack-protector -D_LARGEFILE64_SOURCE     CMakeFiles/cmTryCompileExec3037188597.dir/CheckIncludeFile.c.o  -o cmTryCompileExec3037188597 -rdynamic 
make[1]: Leaving directory '/tmp/libssh-0.7.4/build/CMakeFiles/CMakeTmp'


Determining if the include file openssl/aes.h exists passed with the following output:
Change Dir: /tmp/libssh-0.7.4/build/CMakeFiles/CMakeTmp

Run Build Command:"/usr/bin/make" "cmTryCompileExec1627396601/fast"
/usr/bin/make -f CMakeFiles/cmTryCompileExec1627396601.dir/build.make CMakeFiles/cmTryCompileExec1627396601.dir/build
make[1]: Entering directory '/tmp/libssh-0.7.4/build/CMakeFiles/CMakeTmp'
/usr/bin/cmake -E cmake_progress_report /tmp/libssh-0.7.4/build/CMakeFiles/CMakeTmp/CMakeFiles 1
Building C object CMakeFiles/cmTryCompileExec1627396601.dir/CheckIncludeFile.c.o
/usr/bin/cc   -std=gnu99 -pedantic -pedantic-errors -Wall -Wextra -Wshadow -Wmissing-prototypes -Wdeclaration-after-statement -Wunused -Wfloat-equal -Wpointer-arith -Wwrite-strings -Wformat-security -Wmissing-format-attribute -fPIC -fstack-protector -D_LARGEFILE64_SOURCE    -o CMakeFiles/cmTryCompileExec1627396601.dir/CheckIncludeFile.c.o   -c /tmp/libssh-0.7.4/build/CMakeFiles/CMakeTmp/CheckIncludeFile.c
Linking C executable cmTryCompileExec1627396601
/usr/bin/cmake -E cmake_link_script CMakeFiles/cmTryCompileExec1627396601.dir/link.txt --verbose=1
/usr/bin/cc   -std=gnu99 -pedantic -pedantic-errors -Wall -Wextra -Wshadow -Wmissing-prototypes -Wdeclaration-after-statement -Wunused -Wfloat-equal -Wpointer-arith -Wwrite-strings -Wformat-security -Wmissing-format-attribute -fPIC -fstack-protector -D_LARGEFILE64_SOURCE     CMakeFiles/cmTryCompileExec1627396601.dir/CheckIncludeFile.c.o  -o cmTryCompileExec1627396601 -rdynamic 
make[1]: Leaving directory '/tmp/libssh-0.7.4/build/CMakeFiles/CMakeTmp'


Determining if the include file openssl/blowfish.h exists passed with the following output:
Change Dir: /tmp/libssh-0.7.4/build/CMakeFiles/CMakeTmp

Run Build Command:"/usr/bin/make" "cmTryCompileExec672702915/fast"
/usr/bin/make -f CMakeFiles/cmTryCompileExec672702915.dir/build.make CMakeFiles/cmTryCompileExec672702915.dir/build
make[1]: Entering directory '/tmp/libssh-0.7.4/build/CMakeFiles/CMakeTmp'
/usr/bin/cmake -E cmake_progress_report /tmp/libssh-0.7.4/build/CMakeFiles/CMakeTmp/CMakeFiles 1
Building C object CMakeFiles/cmTryCompileExec672702915.dir/CheckIncludeFile.c.o
/usr/bin/cc   -std=gnu99 -pedantic -pedantic-errors -Wall -Wextra -Wshadow -Wmissing-prototypes -Wdeclaration-after-statement -Wunused -Wfloat-equal -Wpointer-arith -Wwrite-strings -Wformat-security -Wmissing-format-attribute -fPIC -fstack-protector -D_LARGEFILE64_SOURCE    -o CMakeFiles/cmTryCompileExec672702915.dir/CheckIncludeFile.c.o   -c /tmp/libssh-0.7.4/build/CMakeFiles/CMakeTmp/CheckIncludeFile.c
Linking C executable cmTryCompileExec672702915
/usr/bin/cmake -E cmake_link_script CMakeFiles/cmTryCompileExec672702915.dir/link.txt --verbose=1
/usr/bin/cc   -std=gnu99 -pedantic -pedantic-errors -Wall -Wextra -Wshadow -Wmissing-prototypes -Wdeclaration-after-statement -Wunused -Wfloat-equal -Wpointer-arith -Wwrite-strings -Wformat-security -Wmissing-format-attribute -fPIC -fstack-protector -D_LARGEFILE64_SOURCE     CMakeFiles/cmTryCompileExec672702915.dir/CheckIncludeFile.c.o  -o cmTryCompileExec672702915 -rdynamic 
make[1]: Leaving directory '/tmp/libssh-0.7.4/build/CMakeFiles/CMakeTmp'


Determining if the include file openssl/ecdh.h exists passed with the following output:
Change Dir: /tmp/libssh-0.7.4/build/CMakeFiles/CMakeTmp

Run Build Command:"/usr/bin/make" "cmTryCompileExec207188521/fast"
/usr/bin/make -f CMakeFiles/cmTryCompileExec207188521.dir/build.make CMakeFiles/cmTryCompileExec207188521.dir/build
make[1]: Entering directory '/tmp/libssh-0.7.4/build/CMakeFiles/CMakeTmp'
/usr/bin/cmake -E cmake_progress_report /tmp/libssh-0.7.4/build/CMakeFiles/CMakeTmp/CMakeFiles 1
Building C object CMakeFiles/cmTryCompileExec207188521.dir/CheckIncludeFile.c.o
/usr/bin/cc   -std=gnu99 -pedantic -pedantic-errors -Wall -Wextra -Wshadow -Wmissing-prototypes -Wdeclaration-after-statement -Wunused -Wfloat-equal -Wpointer-arith -Wwrite-strings -Wformat-security -Wmissing-format-attribute -fPIC -fstack-protector -D_LARGEFILE64_SOURCE    -o CMakeFiles/cmTryCompileExec207188521.dir/CheckIncludeFile.c.o   -c /tmp/libssh-0.7.4/build/CMakeFiles/CMakeTmp/CheckIncludeFile.c
Linking C executable cmTryCompileExec207188521
/usr/bin/cmake -E cmake_link_script CMakeFiles/cmTryCompileExec207188521.dir/link.txt --verbose=1
/usr/bin/cc   -std=gnu99 -pedantic -pedantic-errors -Wall -Wextra -Wshadow -Wmissing-prototypes -Wdeclaration-after-statement -Wunused -Wfloat-equal -Wpointer-arith -Wwrite-strings -Wformat-security -Wmissing-format-attribute -fPIC -fstack-protector -D_LARGEFILE64_SOURCE     CMakeFiles/cmTryCompileExec207188521.dir/CheckIncludeFile.c.o  -o cmTryCompileExec207188521 -rdynamic 
make[1]: Leaving directory '/tmp/libssh-0.7.4/build/CMakeFiles/CMakeTmp'


Determining if the include file openssl/ec.h exists passed with the following output:
Change Dir: /tmp/libssh-0.7.4/build/CMakeFiles/CMakeTmp

Run Build Command:"/usr/bin/make" "cmTryCompileExec1920411265/fast"
/usr/bin/make -f CMakeFiles/cmTryCompileExec1920411265.dir/build.make CMakeFiles/cmTryCompileExec1920411265.dir/build
make[1]: Entering directory '/tmp/libssh-0.7.4/build/CMakeFiles/CMakeTmp'
/usr/bin/cmake -E cmake_progress_report /tmp/libssh-0.7.4/build/CMakeFiles/CMakeTmp/CMakeFiles 1
Building C object CMakeFiles/cmTryCompileExec1920411265.dir/CheckIncludeFile.c.o
/usr/bin/cc   -std=gnu99 -pedantic -pedantic-errors -Wall -Wextra -Wshadow -Wmissing-prototypes -Wdeclaration-after-statement -Wunused -Wfloat-equal -Wpointer-arith -Wwrite-strings -Wformat-security -Wmissing-format-attribute -fPIC -fstack-protector -D_LARGEFILE64_SOURCE    -o CMakeFiles/cmTryCompileExec1920411265.dir/CheckIncludeFile.c.o   -c /tmp/libssh-0.7.4/build/CMakeFiles/CMakeTmp/CheckIncludeFile.c
Linking C executable cmTryCompileExec1920411265
/usr/bin/cmake -E cmake_link_script CMakeFiles/cmTryCompileExec1920411265.dir/link.txt --verbose=1
/usr/bin/cc   -std=gnu99 -pedantic -pedantic-errors -Wall -Wextra -Wshadow -Wmissing-prototypes -Wdeclaration-after-statement -Wunused -Wfloat-equal -Wpointer-arith -Wwrite-strings -Wformat-security -Wmissing-format-attribute -fPIC -fstack-protector -D_LARGEFILE64_SOURCE     CMakeFiles/cmTryCompileExec1920411265.dir/CheckIncludeFile.c.o  -o cmTryCompileExec1920411265 -rdynamic 
make[1]: Leaving directory '/tmp/libssh-0.7.4/build/CMakeFiles/CMakeTmp'


Determining if the include file openssl/ecdsa.h exists passed with the following output:
Change Dir: /tmp/libssh-0.7.4/build/CMakeFiles/CMakeTmp

Run Build Command:"/usr/bin/make" "cmTryCompileExec1625788516/fast"
/usr/bin/make -f CMakeFiles/cmTryCompileExec1625788516.dir/build.make CMakeFiles/cmTryCompileExec1625788516.dir/build
make[1]: Entering directory '/tmp/libssh-0.7.4/build/CMakeFiles/CMakeTmp'
/usr/bin/cmake -E cmake_progress_report /tmp/libssh-0.7.4/build/CMakeFiles/CMakeTmp/CMakeFiles 1
Building C object CMakeFiles/cmTryCompileExec1625788516.dir/CheckIncludeFile.c.o
/usr/bin/cc   -std=gnu99 -pedantic -pedantic-errors -Wall -Wextra -Wshadow -Wmissing-prototypes -Wdeclaration-after-statement -Wunused -Wfloat-equal -Wpointer-arith -Wwrite-strings -Wformat-security -Wmissing-format-attribute -fPIC -fstack-protector -D_LARGEFILE64_SOURCE    -o CMakeFiles/cmTryCompileExec1625788516.dir/CheckIncludeFile.c.o   -c /tmp/libssh-0.7.4/build/CMakeFiles/CMakeTmp/CheckIncludeFile.c
Linking C executable cmTryCompileExec1625788516
/usr/bin/cmake -E cmake_link_script CMakeFiles/cmTryCompileExec1625788516.dir/link.txt --verbose=1
/usr/bin/cc   -std=gnu99 -pedantic -pedantic-errors -Wall -Wextra -Wshadow -Wmissing-prototypes -Wdeclaration-after-statement -Wunused -Wfloat-equal -Wpointer-arith -Wwrite-strings -Wformat-security -Wmissing-format-attribute -fPIC -fstack-protector -D_LARGEFILE64_SOURCE     CMakeFiles/cmTryCompileExec1625788516.dir/CheckIncludeFile.c.o  -o cmTryCompileExec1625788516 -rdynamic 
make[1]: Leaving directory '/tmp/libssh-0.7.4/build/CMakeFiles/CMakeTmp'


Determining if the function isblank exists passed with the following output:
Change Dir: /tmp/libssh-0.7.4/build/CMakeFiles/CMakeTmp

Run Build Command:"/usr/bin/make" "cmTryCompileExec4067898324/fast"
/usr/bin/make -f CMakeFiles/cmTryCompileExec4067898324.dir/build.make CMakeFiles/cmTryCompileExec4067898324.dir/build
make[1]: Entering directory '/tmp/libssh-0.7.4/build/CMakeFiles/CMakeTmp'
/usr/bin/cmake -E cmake_progress_report /tmp/libssh-0.7.4/build/CMakeFiles/CMakeTmp/CMakeFiles 1
Building C object CMakeFiles/cmTryCompileExec4067898324.dir/CheckFunctionExists.c.o
/usr/bin/cc   -std=gnu99 -pedantic -pedantic-errors -Wall -Wextra -Wshadow -Wmissing-prototypes -Wdeclaration-after-statement -Wunused -Wfloat-equal -Wpointer-arith -Wwrite-strings -Wformat-security -Wmissing-format-attribute -fPIC -fstack-protector -D_LARGEFILE64_SOURCE -DCHECK_FUNCTION_EXISTS=isblank   -o CMakeFiles/cmTryCompileExec4067898324.dir/CheckFunctionExists.c.o   -c /usr/share/cmake-3.0/Modules/CheckFunctionExists.c
<command-line>:0:23: warning: conflicting types for built-in function 'isblank'
/usr/share/cmake-3.0/Modules/CheckFunctionExists.c:3:6: note: in expansion of macro 'CHECK_FUNCTION_EXISTS'
 char CHECK_FUNCTION_EXISTS();
      ^
Linking C executable cmTryCompileExec4067898324
/usr/bin/cmake -E cmake_link_script CMakeFiles/cmTryCompileExec4067898324.dir/link.txt --verbose=1
/usr/bin/cc   -std=gnu99 -pedantic -pedantic-errors -Wall -Wextra -Wshadow -Wmissing-prototypes -Wdeclaration-after-statement -Wunused -Wfloat-equal -Wpointer-arith -Wwrite-strings -Wformat-security -Wmissing-format-attribute -fPIC -fstack-protector -D_LARGEFILE64_SOURCE -DCHECK_FUNCTION_EXISTS=isblank    CMakeFiles/cmTryCompileExec4067898324.dir/CheckFunctionExists.c.o  -o cmTryCompileExec4067898324 -rdynamic 
make[1]: Leaving directory '/tmp/libssh-0.7.4/build/CMakeFiles/CMakeTmp'


Determining if the function strncpy exists passed with the following output:
Change Dir: /tmp/libssh-0.7.4/build/CMakeFiles/CMakeTmp

Run Build Command:"/usr/bin/make" "cmTryCompileExec3020731206/fast"
/usr/bin/make -f CMakeFiles/cmTryCompileExec3020731206.dir/build.make CMakeFiles/cmTryCompileExec3020731206.dir/build
make[1]: Entering directory '/tmp/libssh-0.7.4/build/CMakeFiles/CMakeTmp'
/usr/bin/cmake -E cmake_progress_report /tmp/libssh-0.7.4/build/CMakeFiles/CMakeTmp/CMakeFiles 1
Building C object CMakeFiles/cmTryCompileExec3020731206.dir/CheckFunctionExists.c.o
/usr/bin/cc   -std=gnu99 -pedantic -pedantic-errors -Wall -Wextra -Wshadow -Wmissing-prototypes -Wdeclaration-after-statement -Wunused -Wfloat-equal -Wpointer-arith -Wwrite-strings -Wformat-security -Wmissing-format-attribute -fPIC -fstack-protector -D_LARGEFILE64_SOURCE -DCHECK_FUNCTION_EXISTS=strncpy   -o CMakeFiles/cmTryCompileExec3020731206.dir/CheckFunctionExists.c.o   -c /usr/share/cmake-3.0/Modules/CheckFunctionExists.c
<command-line>:0:23: warning: conflicting types for built-in function 'strncpy'
/usr/share/cmake-3.0/Modules/CheckFunctionExists.c:3:6: note: in expansion of macro 'CHECK_FUNCTION_EXISTS'
 char CHECK_FUNCTION_EXISTS();
      ^
Linking C executable cmTryCompileExec3020731206
/usr/bin/cmake -E cmake_link_script CMakeFiles/cmTryCompileExec3020731206.dir/link.txt --verbose=1
/usr/bin/cc   -std=gnu99 -pedantic -pedantic-errors -Wall -Wextra -Wshadow -Wmissing-prototypes -Wdeclaration-after-statement -Wunused -Wfloat-equal -Wpointer-arith -Wwrite-strings -Wformat-security -Wmissing-format-attribute -fPIC -fstack-protector -D_LARGEFILE64_SOURCE -DCHECK_FUNCTION_EXISTS=strncpy    CMakeFiles/cmTryCompileExec3020731206.dir/CheckFunctionExists.c.o  -o cmTryCompileExec3020731206 -rdynamic 
make[1]: Leaving directory '/tmp/libssh-0.7.4/build/CMakeFiles/CMakeTmp'


Determining if the function strtoull exists passed with the following output:
Change Dir: /tmp/libssh-0.7.4/build/CMakeFiles/CMakeTmp

Run Build Command:"/usr/bin/make" "cmTryCompileExec3348951106/fast"
/usr/bin/make -f CMakeFiles/cmTryCompileExec3348951106.dir/build.make CMakeFiles/cmTryCompileExec3348951106.dir/build
make[1]: Entering directory '/tmp/libssh-0.7.4/build/CMakeFiles/CMakeTmp'
/usr/bin/cmake -E cmake_progress_report /tmp/libssh-0.7.4/build/CMakeFiles/CMakeTmp/CMakeFiles 1
Building C object CMakeFiles/cmTryCompileExec3348951106.dir/CheckFunctionExists.c.o
/usr/bin/cc   -std=gnu99 -pedantic -pedantic-errors -Wall -Wextra -Wshadow -Wmissing-prototypes -Wdeclaration-after-statement -Wunused -Wfloat-equal -Wpointer-arith -Wwrite-strings -Wformat-security -Wmissing-format-attribute -fPIC -fstack-protector -D_LARGEFILE64_SOURCE -DCHECK_FUNCTION_EXISTS=strtoull   -o CMakeFiles/cmTryCompileExec3348951106.dir/CheckFunctionExists.c.o   -c /usr/share/cmake-3.0/Modules/CheckFunctionExists.c
Linking C executable cmTryCompileExec3348951106
/usr/bin/cmake -E cmake_link_script CMakeFiles/cmTryCompileExec3348951106.dir/link.txt --verbose=1
/usr/bin/cc   -std=gnu99 -pedantic -pedantic-errors -Wall -Wextra -Wshadow -Wmissing-prototypes -Wdeclaration-after-statement -Wunused -Wfloat-equal -Wpointer-arith -Wwrite-strings -Wformat-security -Wmissing-format-attribute -fPIC -fstack-protector -D_LARGEFILE64_SOURCE -DCHECK_FUNCTION_EXISTS=strtoull    CMakeFiles/cmTryCompileExec3348951106.dir/CheckFunctionExists.c.o  -o cmTryCompileExec3348951106 -rdynamic 
make[1]: Leaving directory '/tmp/libssh-0.7.4/build/CMakeFiles/CMakeTmp'


Determining if the function vsnprintf exists passed with the following output:
Change Dir: /tmp/libssh-0.7.4/build/CMakeFiles/CMakeTmp

Run Build Command:"/usr/bin/make" "cmTryCompileExec1300775312/fast"
/usr/bin/make -f CMakeFiles/cmTryCompileExec1300775312.dir/build.make CMakeFiles/cmTryCompileExec1300775312.dir/build
make[1]: Entering directory '/tmp/libssh-0.7.4/build/CMakeFiles/CMakeTmp'
/usr/bin/cmake -E cmake_progress_report /tmp/libssh-0.7.4/build/CMakeFiles/CMakeTmp/CMakeFiles 1
Building C object CMakeFiles/cmTryCompileExec1300775312.dir/CheckFunctionExists.c.o
/usr/bin/cc   -std=gnu99 -pedantic -pedantic-errors -Wall -Wextra -Wshadow -Wmissing-prototypes -Wdeclaration-after-statement -Wunused -Wfloat-equal -Wpointer-arith -Wwrite-strings -Wformat-security -Wmissing-format-attribute -fPIC -fstack-protector -D_LARGEFILE64_SOURCE -DCHECK_FUNCTION_EXISTS=vsnprintf   -o CMakeFiles/cmTryCompileExec1300775312.dir/CheckFunctionExists.c.o   -c /usr/share/cmake-3.0/Modules/CheckFunctionExists.c
<command-line>:0:23: warning: conflicting types for built-in function 'vsnprintf'
/usr/share/cmake-3.0/Modules/CheckFunctionExists.c:3:6: note: in expansion of macro 'CHECK_FUNCTION_EXISTS'
 char CHECK_FUNCTION_EXISTS();
      ^
Linking C executable cmTryCompileExec1300775312
/usr/bin/cmake -E cmake_link_script CMakeFiles/cmTryCompileExec1300775312.dir/link.txt --verbose=1
/usr/bin/cc   -std=gnu99 -pedantic -pedantic-errors -Wall -Wextra -Wshadow -Wmissing-prototypes -Wdeclaration-after-statement -Wunused -Wfloat-equal -Wpointer-arith -Wwrite-strings -Wformat-security -Wmissing-format-attribute -fPIC -fstack-protector -D_LARGEFILE64_SOURCE -DCHECK_FUNCTION_EXISTS=vsnprintf    CMakeFiles/cmTryCompileExec1300775312.dir/CheckFunctionExists.c.o  -o cmTryCompileExec1300775312 -rdynamic 
make[1]: Leaving directory '/tmp/libssh-0.7.4/build/CMakeFiles/CMakeTmp'


Determining if the function snprintf exists passed with the following output:
Change Dir: /tmp/libssh-0.7.4/build/CMakeFiles/CMakeTmp

Run Build Command:"/usr/bin/make" "cmTryCompileExec3631324695/fast"
/usr/bin/make -f CMakeFiles/cmTryCompileExec3631324695.dir/build.make CMakeFiles/cmTryCompileExec3631324695.dir/build
make[1]: Entering directory '/tmp/libssh-0.7.4/build/CMakeFiles/CMakeTmp'
/usr/bin/cmake -E cmake_progress_report /tmp/libssh-0.7.4/build/CMakeFiles/CMakeTmp/CMakeFiles 1
Building C object CMakeFiles/cmTryCompileExec3631324695.dir/CheckFunctionExists.c.o
/usr/bin/cc   -std=gnu99 -pedantic -pedantic-errors -Wall -Wextra -Wshadow -Wmissing-prototypes -Wdeclaration-after-statement -Wunused -Wfloat-equal -Wpointer-arith -Wwrite-strings -Wformat-security -Wmissing-format-attribute -fPIC -fstack-protector -D_LARGEFILE64_SOURCE -DCHECK_FUNCTION_EXISTS=snprintf   -o CMakeFiles/cmTryCompileExec3631324695.dir/CheckFunctionExists.c.o   -c /usr/share/cmake-3.0/Modules/CheckFunctionExists.c
<command-line>:0:23: warning: conflicting types for built-in function 'snprintf'
/usr/share/cmake-3.0/Modules/CheckFunctionExists.c:3:6: note: in expansion of macro 'CHECK_FUNCTION_EXISTS'
 char CHECK_FUNCTION_EXISTS();
      ^
Linking C executable cmTryCompileExec3631324695
/usr/bin/cmake -E cmake_link_script CMakeFiles/cmTryCompileExec3631324695.dir/link.txt --verbose=1
/usr/bin/cc   -std=gnu99 -pedantic -pedantic-errors -Wall -Wextra -Wshadow -Wmissing-prototypes -Wdeclaration-after-statement -Wunused -Wfloat-equal -Wpointer-arith -Wwrite-strings -Wformat-security -Wmissing-format-attribute -fPIC -fstack-protector -D_LARGEFILE64_SOURCE -DCHECK_FUNCTION_EXISTS=snprintf    CMakeFiles/cmTryCompileExec3631324695.dir/CheckFunctionExists.c.o  -o cmTryCompileExec3631324695 -rdynamic 
make[1]: Leaving directory '/tmp/libssh-0.7.4/build/CMakeFiles/CMakeTmp'


Determining if the function poll exists passed with the following output:
Change Dir: /tmp/libssh-0.7.4/build/CMakeFiles/CMakeTmp

Run Build Command:"/usr/bin/make" "cmTryCompileExec2060155060/fast"
/usr/bin/make -f CMakeFiles/cmTryCompileExec2060155060.dir/build.make CMakeFiles/cmTryCompileExec2060155060.dir/build
make[1]: Entering directory '/tmp/libssh-0.7.4/build/CMakeFiles/CMakeTmp'
/usr/bin/cmake -E cmake_progress_report /tmp/libssh-0.7.4/build/CMakeFiles/CMakeTmp/CMakeFiles 1
Building C object CMakeFiles/cmTryCompileExec2060155060.dir/CheckFunctionExists.c.o
/usr/bin/cc   -std=gnu99 -pedantic -pedantic-errors -Wall -Wextra -Wshadow -Wmissing-prototypes -Wdeclaration-after-statement -Wunused -Wfloat-equal -Wpointer-arith -Wwrite-strings -Wformat-security -Wmissing-format-attribute -fPIC -fstack-protector -D_LARGEFILE64_SOURCE -DCHECK_FUNCTION_EXISTS=poll   -o CMakeFiles/cmTryCompileExec2060155060.dir/CheckFunctionExists.c.o   -c /usr/share/cmake-3.0/Modules/CheckFunctionExists.c
Linking C executable cmTryCompileExec2060155060
/usr/bin/cmake -E cmake_link_script CMakeFiles/cmTryCompileExec2060155060.dir/link.txt --verbose=1
/usr/bin/cc   -std=gnu99 -pedantic -pedantic-errors -Wall -Wextra -Wshadow -Wmissing-prototypes -Wdeclaration-after-statement -Wunused -Wfloat-equal -Wpointer-arith -Wwrite-strings -Wformat-security -Wmissing-format-attribute -fPIC -fstack-protector -D_LARGEFILE64_SOURCE -DCHECK_FUNCTION_EXISTS=poll    CMakeFiles/cmTryCompileExec2060155060.dir/CheckFunctionExists.c.o  -o cmTryCompileExec2060155060 -rdynamic 
make[1]: Leaving directory '/tmp/libssh-0.7.4/build/CMakeFiles/CMakeTmp'


Determining if the function select exists passed with the following output:
Change Dir: /tmp/libssh-0.7.4/build/CMakeFiles/CMakeTmp

Run Build Command:"/usr/bin/make" "cmTryCompileExec3739700982/fast"
/usr/bin/make -f CMakeFiles/cmTryCompileExec3739700982.dir/build.make CMakeFiles/cmTryCompileExec3739700982.dir/build
make[1]: Entering directory '/tmp/libssh-0.7.4/build/CMakeFiles/CMakeTmp'
/usr/bin/cmake -E cmake_progress_report /tmp/libssh-0.7.4/build/CMakeFiles/CMakeTmp/CMakeFiles 1
Building C object CMakeFiles/cmTryCompileExec3739700982.dir/CheckFunctionExists.c.o
/usr/bin/cc   -std=gnu99 -pedantic -pedantic-errors -Wall -Wextra -Wshadow -Wmissing-prototypes -Wdeclaration-after-statement -Wunused -Wfloat-equal -Wpointer-arith -Wwrite-strings -Wformat-security -Wmissing-format-attribute -fPIC -fstack-protector -D_LARGEFILE64_SOURCE -DCHECK_FUNCTION_EXISTS=select   -o CMakeFiles/cmTryCompileExec3739700982.dir/CheckFunctionExists.c.o   -c /usr/share/cmake-3.0/Modules/CheckFunctionExists.c
Linking C executable cmTryCompileExec3739700982
/usr/bin/cmake -E cmake_link_script CMakeFiles/cmTryCompileExec3739700982.dir/link.txt --verbose=1
/usr/bin/cc   -std=gnu99 -pedantic -pedantic-errors -Wall -Wextra -Wshadow -Wmissing-prototypes -Wdeclaration-after-statement -Wunused -Wfloat-equal -Wpointer-arith -Wwrite-strings -Wformat-security -Wmissing-format-attribute -fPIC -fstack-protector -D_LARGEFILE64_SOURCE -DCHECK_FUNCTION_EXISTS=select    CMakeFiles/cmTryCompileExec3739700982.dir/CheckFunctionExists.c.o  -o cmTryCompileExec3739700982 -rdynamic 
make[1]: Leaving directory '/tmp/libssh-0.7.4/build/CMakeFiles/CMakeTmp'


Determining if the function getaddrinfo exists passed with the following output:
Change Dir: /tmp/libssh-0.7.4/build/CMakeFiles/CMakeTmp

Run Build Command:"/usr/bin/make" "cmTryCompileExec225349817/fast"
/usr/bin/make -f CMakeFiles/cmTryCompileExec225349817.dir/build.make CMakeFiles/cmTryCompileExec225349817.dir/build
make[1]: Entering directory '/tmp/libssh-0.7.4/build/CMakeFiles/CMakeTmp'
/usr/bin/cmake -E cmake_progress_report /tmp/libssh-0.7.4/build/CMakeFiles/CMakeTmp/CMakeFiles 1
Building C object CMakeFiles/cmTryCompileExec225349817.dir/CheckFunctionExists.c.o
/usr/bin/cc   -std=gnu99 -pedantic -pedantic-errors -Wall -Wextra -Wshadow -Wmissing-prototypes -Wdeclaration-after-statement -Wunused -Wfloat-equal -Wpointer-arith -Wwrite-strings -Wformat-security -Wmissing-format-attribute -fPIC -fstack-protector -D_LARGEFILE64_SOURCE -DCHECK_FUNCTION_EXISTS=getaddrinfo   -o CMakeFiles/cmTryCompileExec225349817.dir/CheckFunctionExists.c.o   -c /usr/share/cmake-3.0/Modules/CheckFunctionExists.c
Linking C executable cmTryCompileExec225349817
/usr/bin/cmake -E cmake_link_script CMakeFiles/cmTryCompileExec225349817.dir/link.txt --verbose=1
/usr/bin/cc   -std=gnu99 -pedantic -pedantic-errors -Wall -Wextra -Wshadow -Wmissing-prototypes -Wdeclaration-after-statement -Wunused -Wfloat-equal -Wpointer-arith -Wwrite-strings -Wformat-security -Wmissing-format-attribute -fPIC -fstack-protector -D_LARGEFILE64_SOURCE -DCHECK_FUNCTION_EXISTS=getaddrinfo    CMakeFiles/cmTryCompileExec225349817.dir/CheckFunctionExists.c.o  -o cmTryCompileExec225349817 -rdynamic 
make[1]: Leaving directory '/tmp/libssh-0.7.4/build/CMakeFiles/CMakeTmp'


Determining if the function clock_gettime exists in the rt passed with the following output:
Change Dir: /tmp/libssh-0.7.4/build/CMakeFiles/CMakeTmp

Run Build Command:"/usr/bin/make" "cmTryCompileExec2745489109/fast"
/usr/bin/make -f CMakeFiles/cmTryCompileExec2745489109.dir/build.make CMakeFiles/cmTryCompileExec2745489109.dir/build
make[1]: Entering directory '/tmp/libssh-0.7.4/build/CMakeFiles/CMakeTmp'
/usr/bin/cmake -E cmake_progress_report /tmp/libssh-0.7.4/build/CMakeFiles/CMakeTmp/CMakeFiles 1
Building C object CMakeFiles/cmTryCompileExec2745489109.dir/CheckFunctionExists.c.o
/usr/bin/cc   -std=gnu99 -pedantic -pedantic-errors -Wall -Wextra -Wshadow -Wmissing-prototypes -Wdeclaration-after-statement -Wunused -Wfloat-equal -Wpointer-arith -Wwrite-strings -Wformat-security -Wmissing-format-attribute -fPIC -fstack-protector -D_LARGEFILE64_SOURCE -DCHECK_FUNCTION_EXISTS=clock_gettime   -o CMakeFiles/cmTryCompileExec2745489109.dir/CheckFunctionExists.c.o   -c /usr/share/cmake-3.0/Modules/CheckFunctionExists.c
Linking C executable cmTryCompileExec2745489109
/usr/bin/cmake -E cmake_link_script CMakeFiles/cmTryCompileExec2745489109.dir/link.txt --verbose=1
/usr/bin/cc   -std=gnu99 -pedantic -pedantic-errors -Wall -Wextra -Wshadow -Wmissing-prototypes -Wdeclaration-after-statement -Wunused -Wfloat-equal -Wpointer-arith -Wwrite-strings -Wformat-security -Wmissing-format-attribute -fPIC -fstack-protector -D_LARGEFILE64_SOURCE -DCHECK_FUNCTION_EXISTS=clock_gettime    CMakeFiles/cmTryCompileExec2745489109.dir/CheckFunctionExists.c.o  -o cmTryCompileExec2745489109 -rdynamic -lrt 
make[1]: Leaving directory '/tmp/libssh-0.7.4/build/CMakeFiles/CMakeTmp'


Determining if the function forkpty exists in the util passed with the following output:
Change Dir: /tmp/libssh-0.7.4/build/CMakeFiles/CMakeTmp

Run Build Command:"/usr/bin/make" "cmTryCompileExec46176640/fast"
/usr/bin/make -f CMakeFiles/cmTryCompileExec46176640.dir/build.make CMakeFiles/cmTryCompileExec46176640.dir/build
make[1]: Entering directory '/tmp/libssh-0.7.4/build/CMakeFiles/CMakeTmp'
/usr/bin/cmake -E cmake_progress_report /tmp/libssh-0.7.4/build/CMakeFiles/CMakeTmp/CMakeFiles 1
Building C object CMakeFiles/cmTryCompileExec46176640.dir/CheckFunctionExists.c.o
/usr/bin/cc   -std=gnu99 -pedantic -pedantic-errors -Wall -Wextra -Wshadow -Wmissing-prototypes -Wdeclaration-after-statement -Wunused -Wfloat-equal -Wpointer-arith -Wwrite-strings -Wformat-security -Wmissing-format-attribute -fPIC -fstack-protector -D_LARGEFILE64_SOURCE -DCHECK_FUNCTION_EXISTS=forkpty   -o CMakeFiles/cmTryCompileExec46176640.dir/CheckFunctionExists.c.o   -c /usr/share/cmake-3.0/Modules/CheckFunctionExists.c
Linking C executable cmTryCompileExec46176640
/usr/bin/cmake -E cmake_link_script CMakeFiles/cmTryCompileExec46176640.dir/link.txt --verbose=1
/usr/bin/cc   -std=gnu99 -pedantic -pedantic-errors -Wall -Wextra -Wshadow -Wmissing-prototypes -Wdeclaration-after-statement -Wunused -Wfloat-equal -Wpointer-arith -Wwrite-strings -Wformat-security -Wmissing-format-attribute -fPIC -fstack-protector -D_LARGEFILE64_SOURCE -DCHECK_FUNCTION_EXISTS=forkpty    CMakeFiles/cmTryCompileExec46176640.dir/CheckFunctionExists.c.o  -o cmTryCompileExec46176640 -rdynamic -lutil -lrt 
make[1]: Leaving directory '/tmp/libssh-0.7.4/build/CMakeFiles/CMakeTmp'


Determining if the function cfmakeraw exists passed with the following output:
Change Dir: /tmp/libssh-0.7.4/build/CMakeFiles/CMakeTmp

Run Build Command:"/usr/bin/make" "cmTryCompileExec3803697983/fast"
/usr/bin/make -f CMakeFiles/cmTryCompileExec3803697983.dir/build.make CMakeFiles/cmTryCompileExec3803697983.dir/build
make[1]: Entering directory '/tmp/libssh-0.7.4/build/CMakeFiles/CMakeTmp'
/usr/bin/cmake -E cmake_progress_report /tmp/libssh-0.7.4/build/CMakeFiles/CMakeTmp/CMakeFiles 1
Building C object CMakeFiles/cmTryCompileExec3803697983.dir/CheckFunctionExists.c.o
/usr/bin/cc   -std=gnu99 -pedantic -pedantic-errors -Wall -Wextra -Wshadow -Wmissing-prototypes -Wdeclaration-after-statement -Wunused -Wfloat-equal -Wpointer-arith -Wwrite-strings -Wformat-security -Wmissing-format-attribute -fPIC -fstack-protector -D_LARGEFILE64_SOURCE -DCHECK_FUNCTION_EXISTS=cfmakeraw   -o CMakeFiles/cmTryCompileExec3803697983.dir/CheckFunctionExists.c.o   -c /usr/share/cmake-3.0/Modules/CheckFunctionExists.c
Linking C executable cmTryCompileExec3803697983
/usr/bin/cmake -E cmake_link_script CMakeFiles/cmTryCompileExec3803697983.dir/link.txt --verbose=1
/usr/bin/cc   -std=gnu99 -pedantic -pedantic-errors -Wall -Wextra -Wshadow -Wmissing-prototypes -Wdeclaration-after-statement -Wunused -Wfloat-equal -Wpointer-arith -Wwrite-strings -Wformat-security -Wmissing-format-attribute -fPIC -fstack-protector -D_LARGEFILE64_SOURCE -DCHECK_FUNCTION_EXISTS=cfmakeraw    CMakeFiles/cmTryCompileExec3803697983.dir/CheckFunctionExists.c.o  -o cmTryCompileExec3803697983 -rdynamic -lrt 
make[1]: Leaving directory '/tmp/libssh-0.7.4/build/CMakeFiles/CMakeTmp'


Performing C SOURCE FILE Test HAVE_GCC_THREAD_LOCAL_STORAGE succeded with the following output:
Change Dir: /tmp/libssh-0.7.4/build/CMakeFiles/CMakeTmp

Run Build Command:"/usr/bin/make" "cmTryCompileExec907265445/fast"
/usr/bin/make -f CMakeFiles/cmTryCompileExec907265445.dir/build.make CMakeFiles/cmTryCompileExec907265445.dir/build
make[1]: Entering directory '/tmp/libssh-0.7.4/build/CMakeFiles/CMakeTmp'
/usr/bin/cmake -E cmake_progress_report /tmp/libssh-0.7.4/build/CMakeFiles/CMakeTmp/CMakeFiles 1
Building C object CMakeFiles/cmTryCompileExec907265445.dir/src.c.o
/usr/bin/cc   -std=gnu99 -pedantic -pedantic-errors -Wall -Wextra -Wshadow -Wmissing-prototypes -Wdeclaration-after-statement -Wunused -Wfloat-equal -Wpointer-arith -Wwrite-strings -Wformat-security -Wmissing-format-attribute -fPIC -fstack-protector -D_LARGEFILE64_SOURCE -DHAVE_GCC_THREAD_LOCAL_STORAGE   -o CMakeFiles/cmTryCompileExec907265445.dir/src.c.o   -c /tmp/libssh-0.7.4/build/CMakeFiles/CMakeTmp/src.c
Linking C executable cmTryCompileExec907265445
/usr/bin/cmake -E cmake_link_script CMakeFiles/cmTryCompileExec907265445.dir/link.txt --verbose=1
/usr/bin/cc   -std=gnu99 -pedantic -pedantic-errors -Wall -Wextra -Wshadow -Wmissing-prototypes -Wdeclaration-after-statement -Wunused -Wfloat-equal -Wpointer-arith -Wwrite-strings -Wformat-security -Wmissing-format-attribute -fPIC -fstack-protector -D_LARGEFILE64_SOURCE -DHAVE_GCC_THREAD_LOCAL_STORAGE    CMakeFiles/cmTryCompileExec907265445.dir/src.c.o  -o cmTryCompileExec907265445 -rdynamic -lrt 
make[1]: Leaving directory '/tmp/libssh-0.7.4/build/CMakeFiles/CMakeTmp'

Source file was:

__thread int tls;

int main(void) {
    return 0;
}
Performing C SOURCE FILE Test HAVE_GCC_VOLATILE_MEMORY_PROTECTION succeded with the following output:
Change Dir: /tmp/libssh-0.7.4/build/CMakeFiles/CMakeTmp

Run Build Command:"/usr/bin/make" "cmTryCompileExec3935507146/fast"
/usr/bin/make -f CMakeFiles/cmTryCompileExec3935507146.dir/build.make CMakeFiles/cmTryCompileExec3935507146.dir/build
make[1]: Entering directory '/tmp/libssh-0.7.4/build/CMakeFiles/CMakeTmp'
/usr/bin/cmake -E cmake_progress_report /tmp/libssh-0.7.4/build/CMakeFiles/CMakeTmp/CMakeFiles 1
Building C object CMakeFiles/cmTryCompileExec3935507146.dir/src.c.o
/usr/bin/cc   -std=gnu99 -pedantic -pedantic-errors -Wall -Wextra -Wshadow -Wmissing-prototypes -Wdeclaration-after-statement -Wunused -Wfloat-equal -Wpointer-arith -Wwrite-strings -Wformat-security -Wmissing-format-attribute -fPIC -fstack-protector -D_LARGEFILE64_SOURCE -DHAVE_GCC_VOLATILE_MEMORY_PROTECTION   -o CMakeFiles/cmTryCompileExec3935507146.dir/src.c.o   -c /tmp/libssh-0.7.4/build/CMakeFiles/CMakeTmp/src.c
Linking C executable cmTryCompileExec3935507146
/usr/bin/cmake -E cmake_link_script CMakeFiles/cmTryCompileExec3935507146.dir/link.txt --verbose=1
/usr/bin/cc   -std=gnu99 -pedantic -pedantic-errors -Wall -Wextra -Wshadow -Wmissing-prototypes -Wdeclaration-after-statement -Wunused -Wfloat-equal -Wpointer-arith -Wwrite-strings -Wformat-security -Wmissing-format-attribute -fPIC -fstack-protector -D_LARGEFILE64_SOURCE -DHAVE_GCC_VOLATILE_MEMORY_PROTECTION    CMakeFiles/cmTryCompileExec3935507146.dir/src.c.o  -o cmTryCompileExec3935507146 -rdynamic -lrt 
make[1]: Leaving directory '/tmp/libssh-0.7.4/build/CMakeFiles/CMakeTmp'

Source file was:

#include <string.h>

int main(void)
{
    char buf[] = "This is some content";

    memset(buf, '\0', sizeof(buf)); __asm__ volatile("" : : "r"(&buf) : "memory");

    return 0;
}
Performing C SOURCE FILE Test HAVE_GCC_NARG_MACRO succeded with the following output:
Change Dir: /tmp/libssh-0.7.4/build/CMakeFiles/CMakeTmp

Run Build Command:"/usr/bin/make" "cmTryCompileExec830456133/fast"
/usr/bin/make -f CMakeFiles/cmTryCompileExec830456133.dir/build.make CMakeFiles/cmTryCompileExec830456133.dir/build
make[1]: Entering directory '/tmp/libssh-0.7.4/build/CMakeFiles/CMakeTmp'
/usr/bin/cmake -E cmake_progress_report /tmp/libssh-0.7.4/build/CMakeFiles/CMakeTmp/CMakeFiles 1
Building C object CMakeFiles/cmTryCompileExec830456133.dir/src.c.o
/usr/bin/cc   -std=gnu99 -pedantic -pedantic-errors -Wall -Wextra -Wshadow -Wmissing-prototypes -Wdeclaration-after-statement -Wunused -Wfloat-equal -Wpointer-arith -Wwrite-strings -Wformat-security -Wmissing-format-attribute -fPIC -fstack-protector -D_LARGEFILE64_SOURCE -DHAVE_GCC_NARG_MACRO   -o CMakeFiles/cmTryCompileExec830456133.dir/src.c.o   -c /tmp/libssh-0.7.4/build/CMakeFiles/CMakeTmp/src.c
Linking C executable cmTryCompileExec830456133
/usr/bin/cmake -E cmake_link_script CMakeFiles/cmTryCompileExec830456133.dir/link.txt --verbose=1
/usr/bin/cc   -std=gnu99 -pedantic -pedantic-errors -Wall -Wextra -Wshadow -Wmissing-prototypes -Wdeclaration-after-statement -Wunused -Wfloat-equal -Wpointer-arith -Wwrite-strings -Wformat-security -Wmissing-format-attribute -fPIC -fstack-protector -D_LARGEFILE64_SOURCE -DHAVE_GCC_NARG_MACRO    CMakeFiles/cmTryCompileExec830456133.dir/src.c.o  -o cmTryCompileExec830456133 -rdynamic -lrt 
make[1]: Leaving directory '/tmp/libssh-0.7.4/build/CMakeFiles/CMakeTmp'

Source file was:

#include <stdio.h>
#define __VA_NARG__(...) (__VA_NARG_(_0, ## __VA_ARGS__, __RSEQ_N()) - 1)
#define __VA_NARG_(...) __VA_ARG_N(__VA_ARGS__)
#define __VA_ARG_N( _1, _2, _3, _4, _5, _6, _7, _8, _9,_10,N,...) N
#define __RSEQ_N() 10, 9,  8,  7,  6,  5,  4,  3,  2,  1,  0
#define myprintf(format, ...) printf((format), __VA_NARG__(__VA_ARGS__), __VA_ARGS__)
int main(void) {
    myprintf("%d %d %d %d",1,2,3);
    return 0;
}
Performing C SOURCE FILE Test HAVE_COMPILER__FUNC__ succeded with the following output:
Change Dir: /tmp/libssh-0.7.4/build/CMakeFiles/CMakeTmp

Run Build Command:"/usr/bin/make" "cmTryCompileExec3366335564/fast"
/usr/bin/make -f CMakeFiles/cmTryCompileExec3366335564.dir/build.make CMakeFiles/cmTryCompileExec3366335564.dir/build
make[1]: Entering directory '/tmp/libssh-0.7.4/build/CMakeFiles/CMakeTmp'
/usr/bin/cmake -E cmake_progress_report /tmp/libssh-0.7.4/build/CMakeFiles/CMakeTmp/CMakeFiles 1
Building C object CMakeFiles/cmTryCompileExec3366335564.dir/src.c.o
/usr/bin/cc   -std=gnu99 -pedantic -pedantic-errors -Wall -Wextra -Wshadow -Wmissing-prototypes -Wdeclaration-after-statement -Wunused -Wfloat-equal -Wpointer-arith -Wwrite-strings -Wformat-security -Wmissing-format-attribute -fPIC -fstack-protector -D_LARGEFILE64_SOURCE -DHAVE_COMPILER__FUNC__   -o CMakeFiles/cmTryCompileExec3366335564.dir/src.c.o   -c /tmp/libssh-0.7.4/build/CMakeFiles/CMakeTmp/src.c
Linking C executable cmTryCompileExec3366335564
/usr/bin/cmake -E cmake_link_script CMakeFiles/cmTryCompileExec3366335564.dir/link.txt --verbose=1
/usr/bin/cc   -std=gnu99 -pedantic -pedantic-errors -Wall -Wextra -Wshadow -Wmissing-prototypes -Wdeclaration-after-statement -Wunused -Wfloat-equal -Wpointer-arith -Wwrite-strings -Wformat-security -Wmissing-format-attribute -fPIC -fstack-protector -D_LARGEFILE64_SOURCE -DHAVE_COMPILER__FUNC__    CMakeFiles/cmTryCompileExec3366335564.dir/src.c.o  -o cmTryCompileExec3366335564 -rdynamic -lrt 
make[1]: Leaving directory '/tmp/libssh-0.7.4/build/CMakeFiles/CMakeTmp'

Source file was:

#include <stdio.h>
int main(void) {
    printf("%s", __func__);
    return 0;
}
Performing C SOURCE FILE Test HAVE_COMPILER__FUNCTION__ succeded with the following output:
Change Dir: /tmp/libssh-0.7.4/build/CMakeFiles/CMakeTmp

Run Build Command:"/usr/bin/make" "cmTryCompileExec3726345766/fast"
/usr/bin/make -f CMakeFiles/cmTryCompileExec3726345766.dir/build.make CMakeFiles/cmTryCompileExec3726345766.dir/build
make[1]: Entering directory '/tmp/libssh-0.7.4/build/CMakeFiles/CMakeTmp'
/usr/bin/cmake -E cmake_progress_report /tmp/libssh-0.7.4/build/CMakeFiles/CMakeTmp/CMakeFiles 1
Building C object CMakeFiles/cmTryCompileExec3726345766.dir/src.c.o
/usr/bin/cc   -std=gnu99 -pedantic -pedantic-errors -Wall -Wextra -Wshadow -Wmissing-prototypes -Wdeclaration-after-statement -Wunused -Wfloat-equal -Wpointer-arith -Wwrite-strings -Wformat-security -Wmissing-format-attribute -fPIC -fstack-protector -D_LARGEFILE64_SOURCE -DHAVE_COMPILER__FUNCTION__   -o CMakeFiles/cmTryCompileExec3726345766.dir/src.c.o   -c /tmp/libssh-0.7.4/build/CMakeFiles/CMakeTmp/src.c
Linking C executable cmTryCompileExec3726345766
/usr/bin/cmake -E cmake_link_script CMakeFiles/cmTryCompileExec3726345766.dir/link.txt --verbose=1
/usr/bin/cc   -std=gnu99 -pedantic -pedantic-errors -Wall -Wextra -Wshadow -Wmissing-prototypes -Wdeclaration-after-statement -Wunused -Wfloat-equal -Wpointer-arith -Wwrite-strings -Wformat-security -Wmissing-format-attribute -fPIC -fstack-protector -D_LARGEFILE64_SOURCE -DHAVE_COMPILER__FUNCTION__    CMakeFiles/cmTryCompileExec3726345766.dir/src.c.o  -o cmTryCompileExec3726345766 -rdynamic -lrt 
make[1]: Leaving directory '/tmp/libssh-0.7.4/build/CMakeFiles/CMakeTmp'

Source file was:

#include <stdio.h>
int main(void) {
    printf("%s", __FUNCTION__);
    return 0;
}
Determining if the include file sys/types.h exists passed with the following output:
Change Dir: /tmp/libssh-0.7.4/build/CMakeFiles/CMakeTmp

Run Build Command:"/usr/bin/make" "cmTryCompileExec3755998159/fast"
/usr/bin/make -f CMakeFiles/cmTryCompileExec3755998159.dir/build.make CMakeFiles/cmTryCompileExec3755998159.dir/build
make[1]: Entering directory '/tmp/libssh-0.7.4/build/CMakeFiles/CMakeTmp'
/usr/bin/cmake -E cmake_progress_report /tmp/libssh-0.7.4/build/CMakeFiles/CMakeTmp/CMakeFiles 1
Building C object CMakeFiles/cmTryCompileExec3755998159.dir/CheckIncludeFile.c.o
/usr/bin/cc   -std=gnu99 -pedantic -pedantic-errors -Wall -Wextra -Wshadow -Wmissing-prototypes -Wdeclaration-after-statement -Wunused -Wfloat-equal -Wpointer-arith -Wwrite-strings -Wformat-security -Wmissing-format-attribute -fPIC -fstack-protector -D_LARGEFILE64_SOURCE    -o CMakeFiles/cmTryCompileExec3755998159.dir/CheckIncludeFile.c.o   -c /tmp/libssh-0.7.4/build/CMakeFiles/CMakeTmp/CheckIncludeFile.c
Linking C executable cmTryCompileExec3755998159
/usr/bin/cmake -E cmake_link_script CMakeFiles/cmTryCompileExec3755998159.dir/link.txt --verbose=1
/usr/bin/cc   -std=gnu99 -pedantic -pedantic-errors -Wall -Wextra -Wshadow -Wmissing-prototypes -Wdeclaration-after-statement -Wunused -Wfloat-equal -Wpointer-arith -Wwrite-strings -Wformat-security -Wmissing-format-attribute -fPIC -fstack-protector -D_LARGEFILE64_SOURCE     CMakeFiles/cmTryCompileExec3755998159.dir/CheckIncludeFile.c.o  -o cmTryCompileExec3755998159 -rdynamic 
make[1]: Leaving directory '/tmp/libssh-0.7.4/build/CMakeFiles/CMakeTmp'


Determining if the include file stdint.h exists passed with the following output:
Change Dir: /tmp/libssh-0.7.4/build/CMakeFiles/CMakeTmp

Run Build Command:"/usr/bin/make" "cmTryCompileExec2713612911/fast"
/usr/bin/make -f CMakeFiles/cmTryCompileExec2713612911.dir/build.make CMakeFiles/cmTryCompileExec2713612911.dir/build
make[1]: Entering directory '/tmp/libssh-0.7.4/build/CMakeFiles/CMakeTmp'
/usr/bin/cmake -E cmake_progress_report /tmp/libssh-0.7.4/build/CMakeFiles/CMakeTmp/CMakeFiles 1
Building C object CMakeFiles/cmTryCompileExec2713612911.dir/CheckIncludeFile.c.o
/usr/bin/cc   -std=gnu99 -pedantic -pedantic-errors -Wall -Wextra -Wshadow -Wmissing-prototypes -Wdeclaration-after-statement -Wunused -Wfloat-equal -Wpointer-arith -Wwrite-strings -Wformat-security -Wmissing-format-attribute -fPIC -fstack-protector -D_LARGEFILE64_SOURCE    -o CMakeFiles/cmTryCompileExec2713612911.dir/CheckIncludeFile.c.o   -c /tmp/libssh-0.7.4/build/CMakeFiles/CMakeTmp/CheckIncludeFile.c
Linking C executable cmTryCompileExec2713612911
/usr/bin/cmake -E cmake_link_script CMakeFiles/cmTryCompileExec2713612911.dir/link.txt --verbose=1
/usr/bin/cc   -std=gnu99 -pedantic -pedantic-errors -Wall -Wextra -Wshadow -Wmissing-prototypes -Wdeclaration-after-statement -Wunused -Wfloat-equal -Wpointer-arith -Wwrite-strings -Wformat-security -Wmissing-format-attribute -fPIC -fstack-protector -D_LARGEFILE64_SOURCE     CMakeFiles/cmTryCompileExec2713612911.dir/CheckIncludeFile.c.o  -o cmTryCompileExec2713612911 -rdynamic 
make[1]: Leaving directory '/tmp/libssh-0.7.4/build/CMakeFiles/CMakeTmp'


Determining if the include file stddef.h exists passed with the following output:
Change Dir: /tmp/libssh-0.7.4/build/CMakeFiles/CMakeTmp

Run Build Command:"/usr/bin/make" "cmTryCompileExec94188210/fast"
/usr/bin/make -f CMakeFiles/cmTryCompileExec94188210.dir/build.make CMakeFiles/cmTryCompileExec94188210.dir/build
make[1]: Entering directory '/tmp/libssh-0.7.4/build/CMakeFiles/CMakeTmp'
/usr/bin/cmake -E cmake_progress_report /tmp/libssh-0.7.4/build/CMakeFiles/CMakeTmp/CMakeFiles 1
Building C object CMakeFiles/cmTryCompileExec94188210.dir/CheckIncludeFile.c.o
/usr/bin/cc   -std=gnu99 -pedantic -pedantic-errors -Wall -Wextra -Wshadow -Wmissing-prototypes -Wdeclaration-after-statement -Wunused -Wfloat-equal -Wpointer-arith -Wwrite-strings -Wformat-security -Wmissing-format-attribute -fPIC -fstack-protector -D_LARGEFILE64_SOURCE    -o CMakeFiles/cmTryCompileExec94188210.dir/CheckIncludeFile.c.o   -c /tmp/libssh-0.7.4/build/CMakeFiles/CMakeTmp/CheckIncludeFile.c
Linking C executable cmTryCompileExec94188210
/usr/bin/cmake -E cmake_link_script CMakeFiles/cmTryCompileExec94188210.dir/link.txt --verbose=1
/usr/bin/cc   -std=gnu99 -pedantic -pedantic-errors -Wall -Wextra -Wshadow -Wmissing-prototypes -Wdeclaration-after-statement -Wunused -Wfloat-equal -Wpointer-arith -Wwrite-strings -Wformat-security -Wmissing-format-attribute -fPIC -fstack-protector -D_LARGEFILE64_SOURCE     CMakeFiles/cmTryCompileExec94188210.dir/CheckIncludeFile.c.o  -o cmTryCompileExec94188210 -rdynamic 
make[1]: Leaving directory '/tmp/libssh-0.7.4/build/CMakeFiles/CMakeTmp'


Determining size of unsigned short passed with the following output:
Change Dir: /tmp/libssh-0.7.4/build/CMakeFiles/CMakeTmp

Run Build Command:"/usr/bin/make" "cmTryCompileExec705859242/fast"
/usr/bin/make -f CMakeFiles/cmTryCompileExec705859242.dir/build.make CMakeFiles/cmTryCompileExec705859242.dir/build
make[1]: Entering directory '/tmp/libssh-0.7.4/build/CMakeFiles/CMakeTmp'
/usr/bin/cmake -E cmake_progress_report /tmp/libssh-0.7.4/build/CMakeFiles/CMakeTmp/CMakeFiles 1
Building C object CMakeFiles/cmTryCompileExec705859242.dir/CMAKE_SIZEOF_UNSIGNED_SHORT.c.o
/usr/bin/cc   -std=gnu99 -pedantic -pedantic-errors -Wall -Wextra -Wshadow -Wmissing-prototypes -Wdeclaration-after-statement -Wunused -Wfloat-equal -Wpointer-arith -Wwrite-strings -Wformat-security -Wmissing-format-attribute -fPIC -fstack-protector -D_LARGEFILE64_SOURCE    -o CMakeFiles/cmTryCompileExec705859242.dir/CMAKE_SIZEOF_UNSIGNED_SHORT.c.o   -c /tmp/libssh-0.7.4/build/CMakeFiles/CheckTypeSize/CMAKE_SIZEOF_UNSIGNED_SHORT.c
Linking C executable cmTryCompileExec705859242
/usr/bin/cmake -E cmake_link_script CMakeFiles/cmTryCompileExec705859242.dir/link.txt --verbose=1
/usr/bin/cc   -std=gnu99 -pedantic -pedantic-errors -Wall -Wextra -Wshadow -Wmissing-prototypes -Wdeclaration-after-statement -Wunused -Wfloat-equal -Wpointer-arith -Wwrite-strings -Wformat-security -Wmissing-format-attribute -fPIC -fstack-protector -D_LARGEFILE64_SOURCE     CMakeFiles/cmTryCompileExec705859242.dir/CMAKE_SIZEOF_UNSIGNED_SHORT.c.o  -o cmTryCompileExec705859242 -rdynamic -lrt 
make[1]: Leaving directory '/tmp/libssh-0.7.4/build/CMakeFiles/CMakeTmp'


Compiling the CXX compiler identification source file "CMakeCXXCompilerId.cpp" succeeded.
Compiler: /usr/bin/c++ 
Build flags: 
Id flags: 

The output was:
0


Compilation of the CXX compiler identification source "CMakeCXXCompilerId.cpp" produced "a.out"

The CXX compiler identification is GNU, found in "/tmp/libssh-0.7.4/build/CMakeFiles/3.0.2/CompilerIdCXX/a.out"

Determining if the CXX compiler works passed with the following output:
Change Dir: /tmp/libssh-0.7.4/build/CMakeFiles/CMakeTmp

Run Build Command:"/usr/bin/make" "cmTryCompileExec1473047270/fast"
/usr/bin/make -f CMakeFiles/cmTryCompileExec1473047270.dir/build.make CMakeFiles/cmTryCompileExec1473047270.dir/build
make[1]: Entering directory '/tmp/libssh-0.7.4/build/CMakeFiles/CMakeTmp'
/usr/bin/cmake -E cmake_progress_report /tmp/libssh-0.7.4/build/CMakeFiles/CMakeTmp/CMakeFiles 1
Building CXX object CMakeFiles/cmTryCompileExec1473047270.dir/testCXXCompiler.cxx.o
/usr/bin/c++     -o CMakeFiles/cmTryCompileExec1473047270.dir/testCXXCompiler.cxx.o -c /tmp/libssh-0.7.4/build/CMakeFiles/CMakeTmp/testCXXCompiler.cxx
Linking CXX executable cmTryCompileExec1473047270
/usr/bin/cmake -E cmake_link_script CMakeFiles/cmTryCompileExec1473047270.dir/link.txt --verbose=1
/usr/bin/c++        CMakeFiles/cmTryCompileExec1473047270.dir/testCXXCompiler.cxx.o  -o cmTryCompileExec1473047270 -rdynamic 
make[1]: Leaving directory '/tmp/libssh-0.7.4/build/CMakeFiles/CMakeTmp'


Detecting CXX compiler ABI info compiled with the following output:
Change Dir: /tmp/libssh-0.7.4/build/CMakeFiles/CMakeTmp

Run Build Command:"/usr/bin/make" "cmTryCompileExec1281561236/fast"
/usr/bin/make -f CMakeFiles/cmTryCompileExec1281561236.dir/build.make CMakeFiles/cmTryCompileExec1281561236.dir/build
make[1]: Entering directory '/tmp/libssh-0.7.4/build/CMakeFiles/CMakeTmp'
/usr/bin/cmake -E cmake_progress_report /tmp/libssh-0.7.4/build/CMakeFiles/CMakeTmp/CMakeFiles 1
Building CXX object CMakeFiles/cmTryCompileExec1281561236.dir/CMakeCXXCompilerABI.cpp.o
/usr/bin/c++     -o CMakeFiles/cmTryCompileExec1281561236.dir/CMakeCXXCompilerABI.cpp.o -c /usr/share/cmake-3.0/Modules/CMakeCXXCompilerABI.cpp
Linking CXX executable cmTryCompileExec1281561236
/usr/bin/cmake -E cmake_link_script CMakeFiles/cmTryCompileExec1281561236.dir/link.txt --verbose=1
/usr/bin/c++      -v CMakeFiles/cmTryCompileExec1281561236.dir/CMakeCXXCompilerABI.cpp.o  -o cmTryCompileExec1281561236 -rdynamic  
Using built-in specs.
COLLECT_GCC=/usr/bin/c++
COLLECT_LTO_WRAPPER=/usr/lib/gcc/x86_64-linux-gnu/4.9/lto-wrapper
Target: x86_64-linux-gnu
Configured with: ../src/configure -v --with-pkgversion='Debian 4.9.2-10+deb8u2' --with-bugurl=file:///usr/share/doc/gcc-4.9/README.Bugs --enable-languages=c,c++,java,go,d,fortran,objc,obj-c++ --prefix=/usr --program-suffix=-4.9 --enable-shared --enable-linker-build-id --libexecdir=/usr/lib --without-included-gettext --enable-threads=posix --with-gxx-include-dir=/usr/include/c++/4.9 --libdir=/usr/lib --enable-nls --with-sysroot=/ --enable-clocale=gnu --enable-libstdcxx-debug --enable-libstdcxx-time=yes --enable-gnu-unique-object --disable-vtable-verify --enable-plugin --with-system-zlib --disable-browser-plugin --enable-java-awt=gtk --enable-gtk-cairo --with-java-home=/usr/lib/jvm/java-1.5.0-gcj-4.9-amd64/jre --enable-java-home --with-jvm-root-dir=/usr/lib/jvm/java-1.5.0-gcj-4.9-amd64 --with-jvm-jar-dir=/usr/lib/jvm-exports/java-1.5.0-gcj-4.9-amd64 --with-arch-directory=amd64 --with-ecj-jar=/usr/share/java/eclipse-ecj.jar --enable-objc-gc --enable-multiarch --with-arch-32=i586 --with-abi=m64 --with-multilib-list=m32,m64,mx32 --enable-multilib --with-tune=generic --enable-checking=release --build=x86_64-linux-gnu --host=x86_64-linux-gnu --target=x86_64-linux-gnu
Thread model: posix
gcc version 4.9.2 (Debian 4.9.2-10+deb8u2) 
COMPILER_PATH=/usr/lib/gcc/x86_64-linux-gnu/4.9/:/usr/lib/gcc/x86_64-linux-gnu/4.9/:/usr/lib/gcc/x86_64-linux-gnu/:/usr/lib/gcc/x86_64-linux-gnu/4.9/:/usr/lib/gcc/x86_64-linux-gnu/
LIBRARY_PATH=/usr/lib/gcc/x86_64-linux-gnu/4.9/:/usr/lib/gcc/x86_64-linux-gnu/4.9/../../../x86_64-linux-gnu/:/usr/lib/gcc/x86_64-linux-gnu/4.9/../../../../lib/:/lib/x86_64-linux-gnu/:/lib/../lib/:/usr/lib/x86_64-linux-gnu/:/usr/lib/../lib/:/usr/lib/gcc/x86_64-linux-gnu/4.9/../../../:/lib/:/usr/lib/
COLLECT_GCC_OPTIONS='-v' '-o' 'cmTryCompileExec1281561236' '-rdynamic' '-shared-libgcc' '-mtune=generic' '-march=x86-64'
 /usr/lib/gcc/x86_64-linux-gnu/4.9/collect2 -plugin /usr/lib/gcc/x86_64-linux-gnu/4.9/liblto_plugin.so -plugin-opt=/usr/lib/gcc/x86_64-linux-gnu/4.9/lto-wrapper -plugin-opt=-fresolution=/tmp/ccKcIEVA.res -plugin-opt=-pass-through=-lgcc_s -plugin-opt=-pass-through=-lgcc -plugin-opt=-pass-through=-lc -plugin-opt=-pass-through=-lgcc_s -plugin-opt=-pass-through=-lgcc --sysroot=/ --build-id --eh-frame-hdr -m elf_x86_64 --hash-style=gnu -export-dynamic -dynamic-linker /lib64/ld-linux-x86-64.so.2 -o cmTryCompileExec1281561236 /usr/lib/gcc/x86_64-linux-gnu/4.9/../../../x86_64-linux-gnu/crt1.o /usr/lib/gcc/x86_64-linux-gnu/4.9/../../../x86_64-linux-gnu/crti.o /usr/lib/gcc/x86_64-linux-gnu/4.9/crtbegin.o -L/usr/lib/gcc/x86_64-linux-gnu/4.9 -L/usr/lib/gcc/x86_64-linux-gnu/4.9/../../../x86_64-linux-gnu -L/usr/lib/gcc/x86_64-linux-gnu/4.9/../../../../lib -L/lib/x86_64-linux-gnu -L/lib/../lib -L/usr/lib/x86_64-linux-gnu -L/usr/lib/../lib -L/usr/lib/gcc/x86_64-linux-gnu/4.9/../../.. CMakeFiles/cmTryCompileExec1281561236.dir/CMakeCXXCompilerABI.cpp.o -lstdc++ -lm -lgcc_s -lgcc -lc -lgcc_s -lgcc /usr/lib/gcc/x86_64-linux-gnu/4.9/crtend.o /usr/lib/gcc/x86_64-linux-gnu/4.9/../../../x86_64-linux-gnu/crtn.o
make[1]: Leaving directory '/tmp/libssh-0.7.4/build/CMakeFiles/CMakeTmp'


Parsed CXX implicit link information from above output:
  link line regex: [^( *|.*[/\])(ld|([^/\]+-)?ld|collect2)[^/\]*( |$)]
  ignore line: [Change Dir: /tmp/libssh-0.7.4/build/CMakeFiles/CMakeTmp]
  ignore line: []
  ignore line: [Run Build Command:"/usr/bin/make" "cmTryCompileExec1281561236/fast"]
  ignore line: [/usr/bin/make -f CMakeFiles/cmTryCompileExec1281561236.dir/build.make CMakeFiles/cmTryCompileExec1281561236.dir/build]
  ignore line: [make[1]: Entering directory '/tmp/libssh-0.7.4/build/CMakeFiles/CMakeTmp']
  ignore line: [/usr/bin/cmake -E cmake_progress_report /tmp/libssh-0.7.4/build/CMakeFiles/CMakeTmp/CMakeFiles 1]
  ignore line: [Building CXX object CMakeFiles/cmTryCompileExec1281561236.dir/CMakeCXXCompilerABI.cpp.o]
  ignore line: [/usr/bin/c++     -o CMakeFiles/cmTryCompileExec1281561236.dir/CMakeCXXCompilerABI.cpp.o -c /usr/share/cmake-3.0/Modules/CMakeCXXCompilerABI.cpp]
  ignore line: [Linking CXX executable cmTryCompileExec1281561236]
  ignore line: [/usr/bin/cmake -E cmake_link_script CMakeFiles/cmTryCompileExec1281561236.dir/link.txt --verbose=1]
  ignore line: [/usr/bin/c++      -v CMakeFiles/cmTryCompileExec1281561236.dir/CMakeCXXCompilerABI.cpp.o  -o cmTryCompileExec1281561236 -rdynamic  ]
  ignore line: [Using built-in specs.]
  ignore line: [COLLECT_GCC=/usr/bin/c++]
  ignore line: [COLLECT_LTO_WRAPPER=/usr/lib/gcc/x86_64-linux-gnu/4.9/lto-wrapper]
  ignore line: [Target: x86_64-linux-gnu]
  ignore line: [Configured with: ../src/configure -v --with-pkgversion='Debian 4.9.2-10+deb8u2' --with-bugurl=file:///usr/share/doc/gcc-4.9/README.Bugs --enable-languages=c,c++,java,go,d,fortran,objc,obj-c++ --prefix=/usr --program-suffix=-4.9 --enable-shared --enable-linker-build-id --libexecdir=/usr/lib --without-included-gettext --enable-threads=posix --with-gxx-include-dir=/usr/include/c++/4.9 --libdir=/usr/lib --enable-nls --with-sysroot=/ --enable-clocale=gnu --enable-libstdcxx-debug --enable-libstdcxx-time=yes --enable-gnu-unique-object --disable-vtable-verify --enable-plugin --with-system-zlib --disable-browser-plugin --enable-java-awt=gtk --enable-gtk-cairo --with-java-home=/usr/lib/jvm/java-1.5.0-gcj-4.9-amd64/jre --enable-java-home --with-jvm-root-dir=/usr/lib/jvm/java-1.5.0-gcj-4.9-amd64 --with-jvm-jar-dir=/usr/lib/jvm-exports/java-1.5.0-gcj-4.9-amd64 --with-arch-directory=amd64 --with-ecj-jar=/usr/share/java/eclipse-ecj.jar --enable-objc-gc --enable-multiarch --with-arch-32=i586 --with-abi=m64 --with-multilib-list=m32,m64,mx32 --enable-multilib --with-tune=generic --enable-checking=release --build=x86_64-linux-gnu --host=x86_64-linux-gnu --target=x86_64-linux-gnu]
  ignore line: [Thread model: posix]
  ignore line: [gcc version 4.9.2 (Debian 4.9.2-10+deb8u2) ]
  ignore line: [COMPILER_PATH=/usr/lib/gcc/x86_64-linux-gnu/4.9/:/usr/lib/gcc/x86_64-linux-gnu/4.9/:/usr/lib/gcc/x86_64-linux-gnu/:/usr/lib/gcc/x86_64-linux-gnu/4.9/:/usr/lib/gcc/x86_64-linux-gnu/]
  ignore line: [LIBRARY_PATH=/usr/lib/gcc/x86_64-linux-gnu/4.9/:/usr/lib/gcc/x86_64-linux-gnu/4.9/../../../x86_64-linux-gnu/:/usr/lib/gcc/x86_64-linux-gnu/4.9/../../../../lib/:/lib/x86_64-linux-gnu/:/lib/../lib/:/usr/lib/x86_64-linux-gnu/:/usr/lib/../lib/:/usr/lib/gcc/x86_64-linux-gnu/4.9/../../../:/lib/:/usr/lib/]
  ignore line: [COLLECT_GCC_OPTIONS='-v' '-o' 'cmTryCompileExec1281561236' '-rdynamic' '-shared-libgcc' '-mtune=generic' '-march=x86-64']
  link line: [ /usr/lib/gcc/x86_64-linux-gnu/4.9/collect2 -plugin /usr/lib/gcc/x86_64-linux-gnu/4.9/liblto_plugin.so -plugin-opt=/usr/lib/gcc/x86_64-linux-gnu/4.9/lto-wrapper -plugin-opt=-fresolution=/tmp/ccKcIEVA.res -plugin-opt=-pass-through=-lgcc_s -plugin-opt=-pass-through=-lgcc -plugin-opt=-pass-through=-lc -plugin-opt=-pass-through=-lgcc_s -plugin-opt=-pass-through=-lgcc --sysroot=/ --build-id --eh-frame-hdr -m elf_x86_64 --hash-style=gnu -export-dynamic -dynamic-linker /lib64/ld-linux-x86-64.so.2 -o cmTryCompileExec1281561236 /usr/lib/gcc/x86_64-linux-gnu/4.9/../../../x86_64-linux-gnu/crt1.o /usr/lib/gcc/x86_64-linux-gnu/4.9/../../../x86_64-linux-gnu/crti.o /usr/lib/gcc/x86_64-linux-gnu/4.9/crtbegin.o -L/usr/lib/gcc/x86_64-linux-gnu/4.9 -L/usr/lib/gcc/x86_64-linux-gnu/4.9/../../../x86_64-linux-gnu -L/usr/lib/gcc/x86_64-linux-gnu/4.9/../../../../lib -L/lib/x86_64-linux-gnu -L/lib/../lib -L/usr/lib/x86_64-linux-gnu -L/usr/lib/../lib -L/usr/lib/gcc/x86_64-linux-gnu/4.9/../../.. CMakeFiles/cmTryCompileExec1281561236.dir/CMakeCXXCompilerABI.cpp.o -lstdc++ -lm -lgcc_s -lgcc -lc -lgcc_s -lgcc /usr/lib/gcc/x86_64-linux-gnu/4.9/crtend.o /usr/lib/gcc/x86_64-linux-gnu/4.9/../../../x86_64-linux-gnu/crtn.o]
    arg [/usr/lib/gcc/x86_64-linux-gnu/4.9/collect2] ==> ignore
    arg [-plugin] ==> ignore
    arg [/usr/lib/gcc/x86_64-linux-gnu/4.9/liblto_plugin.so] ==> ignore
    arg [-plugin-opt=/usr/lib/gcc/x86_64-linux-gnu/4.9/lto-wrapper] ==> ignore
    arg [-plugin-opt=-fresolution=/tmp/ccKcIEVA.res] ==> ignore
    arg [-plugin-opt=-pass-through=-lgcc_s] ==> ignore
    arg [-plugin-opt=-pass-through=-lgcc] ==> ignore
    arg [-plugin-opt=-pass-through=-lc] ==> ignore
    arg [-plugin-opt=-pass-through=-lgcc_s] ==> ignore
    arg [-plugin-opt=-pass-through=-lgcc] ==> ignore
    arg [--sysroot=/] ==> ignore
    arg [--build-id] ==> ignore
    arg [--eh-frame-hdr] ==> ignore
    arg [-m] ==> ignore
    arg [elf_x86_64] ==> ignore
    arg [--hash-style=gnu] ==> ignore
    arg [-export-dynamic] ==> ignore
    arg [-dynamic-linker] ==> ignore
    arg [/lib64/ld-linux-x86-64.so.2] ==> ignore
    arg [-o] ==> ignore
    arg [cmTryCompileExec1281561236] ==> ignore
    arg [/usr/lib/gcc/x86_64-linux-gnu/4.9/../../../x86_64-linux-gnu/crt1.o] ==> ignore
    arg [/usr/lib/gcc/x86_64-linux-gnu/4.9/../../../x86_64-linux-gnu/crti.o] ==> ignore
    arg [/usr/lib/gcc/x86_64-linux-gnu/4.9/crtbegin.o] ==> ignore
    arg [-L/usr/lib/gcc/x86_64-linux-gnu/4.9] ==> dir [/usr/lib/gcc/x86_64-linux-gnu/4.9]
    arg [-L/usr/lib/gcc/x86_64-linux-gnu/4.9/../../../x86_64-linux-gnu] ==> dir [/usr/lib/gcc/x86_64-linux-gnu/4.9/../../../x86_64-linux-gnu]
    arg [-L/usr/lib/gcc/x86_64-linux-gnu/4.9/../../../../lib] ==> dir [/usr/lib/gcc/x86_64-linux-gnu/4.9/../../../../lib]
    arg [-L/lib/x86_64-linux-gnu] ==> dir [/lib/x86_64-linux-gnu]
    arg [-L/lib/../lib] ==> dir [/lib/../lib]
    arg [-L/usr/lib/x86_64-linux-gnu] ==> dir [/usr/lib/x86_64-linux-gnu]
    arg [-L/usr/lib/../lib] ==> dir [/usr/lib/../lib]
    arg [-L/usr/lib/gcc/x86_64-linux-gnu/4.9/../../..] ==> dir [/usr/lib/gcc/x86_64-linux-gnu/4.9/../../..]
    arg [CMakeFiles/cmTryCompileExec1281561236.dir/CMakeCXXCompilerABI.cpp.o] ==> ignore
    arg [-lstdc++] ==> lib [stdc++]
    arg [-lm] ==> lib [m]
    arg [-lgcc_s] ==> lib [gcc_s]
    arg [-lgcc] ==> lib [gcc]
    arg [-lc] ==> lib [c]
    arg [-lgcc_s] ==> lib [gcc_s]
    arg [-lgcc] ==> lib [gcc]
    arg [/usr/lib/gcc/x86_64-linux-gnu/4.9/crtend.o] ==> ignore
    arg [/usr/lib/gcc/x86_64-linux-gnu/4.9/../../../x86_64-linux-gnu/crtn.o] ==> ignore
  remove lib [gcc_s]
  remove lib [gcc]
  remove lib [gcc_s]
  remove lib [gcc]
  collapse library dir [/usr/lib/gcc/x86_64-linux-gnu/4.9] ==> [/usr/lib/gcc/x86_64-linux-gnu/4.9]
  collapse library dir [/usr/lib/gcc/x86_64-linux-gnu/4.9/../../../x86_64-linux-gnu] ==> [/usr/lib/x86_64-linux-gnu]
  collapse library dir [/usr/lib/gcc/x86_64-linux-gnu/4.9/../../../../lib] ==> [/usr/lib]
  collapse library dir [/lib/x86_64-linux-gnu] ==> [/lib/x86_64-linux-gnu]
  collapse library dir [/lib/../lib] ==> [/lib]
  collapse library dir [/usr/lib/x86_64-linux-gnu] ==> [/usr/lib/x86_64-linux-gnu]
  collapse library dir [/usr/lib/../lib] ==> [/usr/lib]
  collapse library dir [/usr/lib/gcc/x86_64-linux-gnu/4.9/../../..] ==> [/usr/lib]
  implicit libs: [stdc++;m;c]
  implicit dirs: [/usr/lib/gcc/x86_64-linux-gnu/4.9;/usr/lib/x86_64-linux-gnu;/usr/lib;/lib/x86_64-linux-gnu;/lib]
  implicit fwks: []


